{"/home/dalidos/Bureau/alsace/client/src/app/app.component.html": {"data":{"path":"/home/dalidos/Bureau/alsace/client/src/app/app.component.html","statementMap":{"0":{"start":{"line":1,"column":0},"end":{"line":1,"column":3035}}},"fnMap":{},"branchMap":{},"s":{"0":1},"f":{},"b":{},"_coverageSchema":"43e27e138ebf9cfc5966b082cf9a028302ed4184","hash":"fde2c1a6399d4b30b80a2d15bbdf815e86390f03"}}
,"/home/dalidos/Bureau/alsace/client/src/app/app.component.ts": {"path":"/home/dalidos/Bureau/alsace/client/src/app/app.component.ts","statementMap":{"0":{"start":{"line":1,"column":0},"end":{"line":1,"column":59}},"1":{"start":{"line":3,"column":0},"end":{"line":3,"column":56}},"2":{"start":{"line":4,"column":0},"end":{"line":4,"column":63}},"3":{"start":{"line":5,"column":0},"end":{"line":5,"column":57}},"4":{"start":{"line":6,"column":0},"end":{"line":6,"column":56}},"5":{"start":{"line":7,"column":0},"end":{"line":7,"column":54}},"6":{"start":{"line":8,"column":0},"end":{"line":8,"column":71}},"7":{"start":{"line":9,"column":0},"end":{"line":9,"column":41}},"8":{"start":{"line":10,"column":0},"end":{"line":10,"column":57}},"9":{"start":{"line":16,"column":0},"end":{"line":16,"column":13}},"10":{"start":{"line":27,"column":12},"end":{"line":27,"column":22}},"11":{"start":{"line":28,"column":12},"end":{"line":28,"column":26}},"12":{"start":{"line":29,"column":12},"end":{"line":29,"column":23}},"13":{"start":{"line":30,"column":12},"end":{"line":30,"column":27}},"14":{"start":{"line":31,"column":12},"end":{"line":31,"column":18}},"15":{"start":{"line":32,"column":12},"end":{"line":32,"column":25}},"16":{"start":{"line":33,"column":12},"end":{"line":33,"column":24}},"17":{"start":{"line":18,"column":11},"end":{"line":18,"column":30}},"18":{"start":{"line":22,"column":11},"end":{"line":22,"column":29}},"19":{"start":{"line":23,"column":11},"end":{"line":23,"column":23}},"20":{"start":{"line":24,"column":11},"end":{"line":24,"column":27}},"21":{"start":{"line":35,"column":4},"end":{"line":35,"column":30}},"22":{"start":{"line":36,"column":4},"end":{"line":36,"column":25}},"23":{"start":{"line":39,"column":2},"end":{"line":44,"column":null}},"24":{"start":{"line":40,"column":6},"end":{"line":40,"column":45}},"25":{"start":{"line":41,"column":6},"end":{"line":41,"column":31}},"26":{"start":{"line":42,"column":6},"end":{"line":42,"column":27}},"27":{"start":{"line":43,"column":6},"end":{"line":43,"column":26}},"28":{"start":{"line":46,"column":9},"end":{"line":48,"column":null}},"29":{"start":{"line":47,"column":6},"end":{"line":47,"column":24}},"30":{"start":{"line":51,"column":9},"end":{"line":55,"column":null}},"31":{"start":{"line":51,"column":2},"end":{"line":51,"column":9}},"32":{"start":{"line":52,"column":6},"end":{"line":54,"column":9}},"33":{"start":{"line":53,"column":10},"end":{"line":53,"column":32}},"34":{"start":{"line":60,"column":11},"end":{"line":63,"column":null}},"35":{"start":{"line":61,"column":8},"end":{"line":61,"column":57}},"36":{"start":{"line":62,"column":8},"end":{"line":62,"column":25}},"37":{"start":{"line":68,"column":12},"end":{"line":72,"column":null}},"38":{"start":{"line":68,"column":4},"end":{"line":68,"column":12}},"39":{"start":{"line":69,"column":8},"end":{"line":71,"column":11}},"40":{"start":{"line":70,"column":12},"end":{"line":70,"column":34}},"41":{"start":{"line":77,"column":12},"end":{"line":85,"column":null}},"42":{"start":{"line":77,"column":4},"end":{"line":77,"column":12}},"43":{"start":{"line":78,"column":8},"end":{"line":84,"column":11}},"44":{"start":{"line":79,"column":12},"end":{"line":79,"column":65}},"45":{"start":{"line":80,"column":12},"end":{"line":80,"column":56}},"46":{"start":{"line":81,"column":12},"end":{"line":83,"column":null}},"47":{"start":{"line":82,"column":16},"end":{"line":82,"column":48}},"48":{"start":{"line":90,"column":12},"end":{"line":92,"column":null}},"49":{"start":{"line":91,"column":8},"end":{"line":91,"column":52}},"50":{"start":{"line":97,"column":12},"end":{"line":104,"column":null}},"51":{"start":{"line":97,"column":4},"end":{"line":97,"column":12}},"52":{"start":{"line":98,"column":8},"end":{"line":103,"column":11}},"53":{"start":{"line":99,"column":12},"end":{"line":99,"column":42}},"54":{"start":{"line":100,"column":12},"end":{"line":100,"column":37}},"55":{"start":{"line":102,"column":12},"end":{"line":102,"column":65}},"56":{"start":{"line":102,"column":40},"end":{"line":102,"column":64}},"57":{"start":{"line":109,"column":12},"end":{"line":111,"column":null}},"58":{"start":{"line":110,"column":8},"end":{"line":110,"column":45}},"59":{"start":{"line":113,"column":4},"end":{"line":117,"column":null}},"60":{"start":{"line":114,"column":8},"end":{"line":116,"column":null}},"61":{"start":{"line":115,"column":12},"end":{"line":115,"column":50}},"62":{"start":{"line":16,"column":13},"end":{"line":118,"column":null}},"63":{"start":{"line":118,"column":0},"end":{"line":118,"column":null}},"64":{"start":{"line":16,"column":13},"end":{"line":16,"column":25}}},"fnMap":{"0":{"name":"(anonymous_0)","decl":{"start":{"line":16,"column":0},"end":{"line":16,"column":13}},"loc":{"start":{"line":16,"column":0},"end":{"line":16,"column":13}}},"1":{"name":"AppComponent","decl":{"start":{"line":26,"column":2},"end":{"line":26,"column":null}},"loc":{"start":{"line":33,"column":34},"end":{"line":37,"column":3}}},"2":{"name":"(anonymous_2)","decl":{"start":{"line":39,"column":2},"end":{"line":39,"column":10}},"loc":{"start":{"line":39,"column":2},"end":{"line":44,"column":3}}},"3":{"name":"(anonymous_3)","decl":{"start":{"line":46,"column":2},"end":{"line":46,"column":9}},"loc":{"start":{"line":46,"column":2},"end":{"line":48,"column":3}}},"4":{"name":"(anonymous_4)","decl":{"start":{"line":51,"column":2},"end":{"line":51,"column":9}},"loc":{"start":{"line":51,"column":2},"end":{"line":55,"column":3}}},"5":{"name":"(anonymous_5)","decl":{"start":{"line":52,"column":35},"end":{"line":52,"column":36}},"loc":{"start":{"line":52,"column":39},"end":{"line":54,"column":7}}},"6":{"name":"(anonymous_6)","decl":{"start":{"line":60,"column":4},"end":{"line":60,"column":11}},"loc":{"start":{"line":60,"column":4},"end":{"line":63,"column":5}}},"7":{"name":"(anonymous_7)","decl":{"start":{"line":68,"column":4},"end":{"line":68,"column":12}},"loc":{"start":{"line":68,"column":4},"end":{"line":72,"column":5}}},"8":{"name":"(anonymous_8)","decl":{"start":{"line":69,"column":41},"end":{"line":69,"column":42}},"loc":{"start":{"line":69,"column":45},"end":{"line":71,"column":9}}},"9":{"name":"(anonymous_9)","decl":{"start":{"line":77,"column":4},"end":{"line":77,"column":12}},"loc":{"start":{"line":77,"column":4},"end":{"line":85,"column":5}}},"10":{"name":"(anonymous_10)","decl":{"start":{"line":78,"column":78},"end":{"line":78,"column":null}},"loc":{"start":{"line":78,"column":78},"end":{"line":84,"column":9}}},"11":{"name":"(anonymous_11)","decl":{"start":{"line":90,"column":4},"end":{"line":90,"column":12}},"loc":{"start":{"line":90,"column":4},"end":{"line":92,"column":5}}},"12":{"name":"(anonymous_12)","decl":{"start":{"line":97,"column":4},"end":{"line":97,"column":12}},"loc":{"start":{"line":97,"column":4},"end":{"line":104,"column":5}}},"13":{"name":"(anonymous_13)","decl":{"start":{"line":98,"column":35},"end":{"line":98,"column":null}},"loc":{"start":{"line":98,"column":35},"end":{"line":103,"column":9}}},"14":{"name":"(anonymous_14)","decl":{"start":{"line":102,"column":34},"end":{"line":102,"column":40}},"loc":{"start":{"line":102,"column":34},"end":{"line":102,"column":44}}},"15":{"name":"(anonymous_15)","decl":{"start":{"line":109,"column":4},"end":{"line":109,"column":12}},"loc":{"start":{"line":109,"column":4},"end":{"line":111,"column":5}}},"16":{"name":"(anonymous_16)","decl":{"start":{"line":113,"column":4},"end":{"line":113,"column":15}},"loc":{"start":{"line":113,"column":4},"end":{"line":117,"column":5}}}},"branchMap":{"0":{"loc":{"start":{"line":81,"column":12},"end":{"line":83,"column":null}},"type":"if","locations":[{"start":{"line":81,"column":12},"end":{"line":83,"column":null}},{"start":{"line":81,"column":12},"end":{"line":83,"column":null}}]},"1":{"loc":{"start":{"line":114,"column":8},"end":{"line":116,"column":null}},"type":"if","locations":[{"start":{"line":114,"column":8},"end":{"line":116,"column":null}},{"start":{"line":114,"column":8},"end":{"line":116,"column":null}}]}},"s":{"0":1,"1":1,"2":1,"3":1,"4":1,"5":1,"6":1,"7":1,"8":1,"9":1,"10":0,"11":0,"12":0,"13":0,"14":0,"15":0,"16":0,"17":0,"18":0,"19":0,"20":0,"21":0,"22":0,"23":1,"24":0,"25":0,"26":0,"27":0,"28":1,"29":0,"30":1,"31":0,"32":0,"33":0,"34":1,"35":0,"36":0,"37":1,"38":0,"39":0,"40":0,"41":1,"42":0,"43":0,"44":0,"45":0,"46":0,"47":0,"48":1,"49":0,"50":1,"51":0,"52":0,"53":0,"54":0,"55":0,"56":0,"57":1,"58":0,"59":1,"60":0,"61":0,"62":1,"63":1,"64":1},"f":{"0":1,"1":0,"2":0,"3":0,"4":0,"5":0,"6":0,"7":0,"8":0,"9":0,"10":0,"11":0,"12":0,"13":0,"14":0,"15":0,"16":0},"b":{"0":[0,0],"1":[0,0]}}
,"/home/dalidos/Bureau/alsace/client/src/app/components/map/map.component.html": {"data":{"path":"/home/dalidos/Bureau/alsace/client/src/app/components/map/map.component.html","statementMap":{"0":{"start":{"line":1,"column":0},"end":{"line":1,"column":313}}},"fnMap":{},"branchMap":{},"s":{"0":1},"f":{},"b":{},"_coverageSchema":"43e27e138ebf9cfc5966b082cf9a028302ed4184","hash":"6ec06e8bd21e4ef613d1c31b4fbb7e416f218bd0"}}
,"/home/dalidos/Bureau/alsace/client/src/app/components/map/map.component.ts": {"path":"/home/dalidos/Bureau/alsace/client/src/app/components/map/map.component.ts","statementMap":{"0":{"start":{"line":1,"column":0},"end":{"line":1,"column":114}},"1":{"start":{"line":2,"column":0},"end":{"line":2,"column":39}},"2":{"start":{"line":4,"column":0},"end":{"line":4,"column":62}},"3":{"start":{"line":5,"column":0},"end":{"line":5,"column":87}},"4":{"start":{"line":6,"column":0},"end":{"line":6,"column":36}},"5":{"start":{"line":7,"column":0},"end":{"line":7,"column":58}},"6":{"start":{"line":8,"column":0},"end":{"line":8,"column":28}},"7":{"start":{"line":9,"column":0},"end":{"line":9,"column":29}},"8":{"start":{"line":10,"column":0},"end":{"line":10,"column":33}},"9":{"start":{"line":17,"column":0},"end":{"line":17,"column":13}},"10":{"start":{"line":77,"column":24},"end":{"line":77,"column":36}},"11":{"start":{"line":78,"column":24},"end":{"line":78,"column":32}},"12":{"start":{"line":79,"column":24},"end":{"line":79,"column":32}},"13":{"start":{"line":20,"column":4},"end":{"line":20,"column":17}},"14":{"start":{"line":22,"column":4},"end":{"line":25,"column":6}},"15":{"start":{"line":26,"column":12},"end":{"line":26,"column":28}},"16":{"start":{"line":27,"column":12},"end":{"line":27,"column":30}},"17":{"start":{"line":35,"column":13},"end":{"line":35,"column":41}},"18":{"start":{"line":41,"column":13},"end":{"line":41,"column":23}},"19":{"start":{"line":46,"column":13},"end":{"line":46,"column":30}},"20":{"start":{"line":51,"column":13},"end":{"line":51,"column":39}},"21":{"start":{"line":56,"column":13},"end":{"line":56,"column":27}},"22":{"start":{"line":61,"column":13},"end":{"line":61,"column":31}},"23":{"start":{"line":66,"column":13},"end":{"line":66,"column":42}},"24":{"start":{"line":71,"column":13},"end":{"line":71,"column":37}},"25":{"start":{"line":75,"column":14},"end":{"line":75,"column":46}},"26":{"start":{"line":81,"column":4},"end":{"line":85,"column":null}},"27":{"start":{"line":82,"column":6},"end":{"line":82,"column":25}},"28":{"start":{"line":83,"column":6},"end":{"line":83,"column":32}},"29":{"start":{"line":84,"column":6},"end":{"line":84,"column":24}},"30":{"start":{"line":87,"column":4},"end":{"line":94,"column":null}},"31":{"start":{"line":88,"column":8},"end":{"line":90,"column":null}},"32":{"start":{"line":89,"column":12},"end":{"line":89,"column":35}},"33":{"start":{"line":91,"column":8},"end":{"line":93,"column":null}},"34":{"start":{"line":92,"column":12},"end":{"line":92,"column":31}},"35":{"start":{"line":99,"column":12},"end":{"line":105,"column":null}},"36":{"start":{"line":99,"column":4},"end":{"line":99,"column":12}},"37":{"start":{"line":100,"column":8},"end":{"line":104,"column":11}},"38":{"start":{"line":101,"column":12},"end":{"line":103,"column":null}},"39":{"start":{"line":102,"column":16},"end":{"line":102,"column":57}},"40":{"start":{"line":110,"column":12},"end":{"line":114,"column":null}},"41":{"start":{"line":110,"column":4},"end":{"line":110,"column":12}},"42":{"start":{"line":111,"column":8},"end":{"line":113,"column":11}},"43":{"start":{"line":112,"column":11},"end":{"line":112,"column":65}},"44":{"start":{"line":122,"column":12},"end":{"line":127,"column":null}},"45":{"start":{"line":123,"column":8},"end":{"line":123,"column":32}},"46":{"start":{"line":124,"column":8},"end":{"line":124,"column":32}},"47":{"start":{"line":125,"column":8},"end":{"line":125,"column":null}},"48":{"start":{"line":125,"column":20},"end":{"line":125,"column":37}},"49":{"start":{"line":126,"column":8},"end":{"line":126,"column":65}},"50":{"start":{"line":132,"column":12},"end":{"line":142,"column":null}},"51":{"start":{"line":132,"column":4},"end":{"line":132,"column":12}},"52":{"start":{"line":133,"column":8},"end":{"line":141,"column":11}},"53":{"start":{"line":134,"column":12},"end":{"line":134,"column":31}},"54":{"start":{"line":135,"column":12},"end":{"line":140,"column":26}},"55":{"start":{"line":136,"column":16},"end":{"line":136,"column":31}},"56":{"start":{"line":137,"column":16},"end":{"line":137,"column":35}},"57":{"start":{"line":138,"column":16},"end":{"line":138,"column":32}},"58":{"start":{"line":139,"column":16},"end":{"line":139,"column":39}},"59":{"start":{"line":147,"column":12},"end":{"line":158,"column":null}},"60":{"start":{"line":147,"column":4},"end":{"line":147,"column":12}},"61":{"start":{"line":148,"column":8},"end":{"line":157,"column":null}},"62":{"start":{"line":149,"column":12},"end":{"line":152,"column":15}},"63":{"start":{"line":150,"column":16},"end":{"line":150,"column":49}},"64":{"start":{"line":151,"column":16},"end":{"line":151,"column":46}},"65":{"start":{"line":154,"column":12},"end":{"line":156,"column":null}},"66":{"start":{"line":155,"column":16},"end":{"line":155,"column":38}},"67":{"start":{"line":165,"column":12},"end":{"line":186,"column":null}},"68":{"start":{"line":165,"column":4},"end":{"line":165,"column":12}},"69":{"start":{"line":166,"column":31},"end":{"line":173,"column":10}},"70":{"start":{"line":175,"column":8},"end":{"line":177,"column":null}},"71":{"start":{"line":176,"column":12},"end":{"line":176,"column":53}},"72":{"start":{"line":179,"column":8},"end":{"line":185,"column":27}},"73":{"start":{"line":181,"column":16},"end":{"line":181,"column":84}},"74":{"start":{"line":182,"column":16},"end":{"line":182,"column":43}},"75":{"start":{"line":183,"column":16},"end":{"line":183,"column":31}},"76":{"start":{"line":192,"column":12},"end":{"line":207,"column":null}},"77":{"start":{"line":192,"column":4},"end":{"line":192,"column":12}},"78":{"start":{"line":193,"column":8},"end":{"line":206,"column":null}},"79":{"start":{"line":194,"column":8},"end":{"line":205,"column":20}},"80":{"start":{"line":195,"column":16},"end":{"line":204,"column":35}},"81":{"start":{"line":197,"column":40},"end":{"line":197,"column":null}},"82":{"start":{"line":212,"column":12},"end":{"line":244,"column":null}},"83":{"start":{"line":212,"column":4},"end":{"line":212,"column":12}},"84":{"start":{"line":213,"column":8},"end":{"line":243,"column":null}},"85":{"start":{"line":214,"column":25},"end":{"line":214,"column":43}},"86":{"start":{"line":215,"column":12},"end":{"line":242,"column":19}},"87":{"start":{"line":217,"column":20},"end":{"line":227,"column":null}},"88":{"start":{"line":218,"column":24},"end":{"line":220,"column":45}},"89":{"start":{"line":221,"column":24},"end":{"line":221,"column":44}},"90":{"start":{"line":222,"column":38},"end":{"line":225,"column":26}},"91":{"start":{"line":226,"column":24},"end":{"line":226,"column":47}},"92":{"start":{"line":228,"column":20},"end":{"line":228,"column":73}},"93":{"start":{"line":231,"column":20},"end":{"line":241,"column":null}},"94":{"start":{"line":232,"column":24},"end":{"line":240,"column":null}},"95":{"start":{"line":233,"column":28},"end":{"line":233,"column":50}},"96":{"start":{"line":234,"column":28},"end":{"line":239,"column":35}},"97":{"start":{"line":238,"column":36},"end":{"line":238,"column":59}},"98":{"start":{"line":250,"column":12},"end":{"line":260,"column":null}},"99":{"start":{"line":250,"column":4},"end":{"line":250,"column":12}},"100":{"start":{"line":251,"column":8},"end":{"line":259,"column":null}},"101":{"start":{"line":252,"column":12},"end":{"line":258,"column":15}},"102":{"start":{"line":253,"column":16},"end":{"line":257,"column":19}},"103":{"start":{"line":254,"column":20},"end":{"line":256,"column":null}},"104":{"start":{"line":255,"column":24},"end":{"line":255,"column":67}},"105":{"start":{"line":268,"column":12},"end":{"line":277,"column":null}},"106":{"start":{"line":268,"column":4},"end":{"line":268,"column":12}},"107":{"start":{"line":269,"column":24},"end":{"line":272,"column":58}},"108":{"start":{"line":272,"column":32},"end":{"line":272,"column":55}},"109":{"start":{"line":273,"column":8},"end":{"line":275,"column":null}},"110":{"start":{"line":274,"column":12},"end":{"line":274,"column":44}},"111":{"start":{"line":276,"column":8},"end":{"line":276,"column":35}},"112":{"start":{"line":283,"column":12},"end":{"line":289,"column":null}},"113":{"start":{"line":283,"column":4},"end":{"line":283,"column":12}},"114":{"start":{"line":284,"column":8},"end":{"line":288,"column":null}},"115":{"start":{"line":285,"column":12},"end":{"line":287,"column":15}},"116":{"start":{"line":286,"column":16},"end":{"line":286,"column":61}},"117":{"start":{"line":294,"column":4},"end":{"line":304,"column":null}},"118":{"start":{"line":295,"column":8},"end":{"line":297,"column":null}},"119":{"start":{"line":296,"column":12},"end":{"line":296,"column":30}},"120":{"start":{"line":298,"column":8},"end":{"line":300,"column":null}},"121":{"start":{"line":299,"column":12},"end":{"line":299,"column":55}},"122":{"start":{"line":301,"column":8},"end":{"line":303,"column":null}},"123":{"start":{"line":302,"column":12},"end":{"line":302,"column":53}},"124":{"start":{"line":35,"column":13},"end":{"line":35,"column":null}},"125":{"start":{"line":41,"column":13},"end":{"line":41,"column":null}},"126":{"start":{"line":46,"column":13},"end":{"line":46,"column":null}},"127":{"start":{"line":51,"column":13},"end":{"line":51,"column":null}},"128":{"start":{"line":56,"column":13},"end":{"line":56,"column":null}},"129":{"start":{"line":61,"column":13},"end":{"line":61,"column":null}},"130":{"start":{"line":66,"column":13},"end":{"line":66,"column":null}},"131":{"start":{"line":71,"column":13},"end":{"line":71,"column":null}},"132":{"start":{"line":75,"column":14},"end":{"line":75,"column":null}},"133":{"start":{"line":17,"column":13},"end":{"line":305,"column":null}},"134":{"start":{"line":305,"column":0},"end":{"line":305,"column":null}},"135":{"start":{"line":17,"column":13},"end":{"line":17,"column":25}}},"fnMap":{"0":{"name":"(anonymous_0)","decl":{"start":{"line":17,"column":0},"end":{"line":17,"column":13}},"loc":{"start":{"line":17,"column":0},"end":{"line":17,"column":13}}},"1":{"name":"MapComponent","decl":{"start":{"line":77,"column":4},"end":{"line":77,"column":24}},"loc":{"start":{"line":79,"column":51},"end":{"line":79,"column":56}}},"2":{"name":"(anonymous_2)","decl":{"start":{"line":81,"column":4},"end":{"line":81,"column":12}},"loc":{"start":{"line":81,"column":4},"end":{"line":85,"column":5}}},"3":{"name":"(anonymous_3)","decl":{"start":{"line":87,"column":4},"end":{"line":87,"column":15}},"loc":{"start":{"line":87,"column":38},"end":{"line":94,"column":5}}},"4":{"name":"(anonymous_4)","decl":{"start":{"line":99,"column":4},"end":{"line":99,"column":12}},"loc":{"start":{"line":99,"column":4},"end":{"line":105,"column":5}}},"5":{"name":"(anonymous_5)","decl":{"start":{"line":100,"column":84},"end":{"line":100,"column":null}},"loc":{"start":{"line":100,"column":84},"end":{"line":104,"column":9}}},"6":{"name":"(anonymous_6)","decl":{"start":{"line":110,"column":4},"end":{"line":110,"column":12}},"loc":{"start":{"line":110,"column":4},"end":{"line":114,"column":5}}},"7":{"name":"(anonymous_7)","decl":{"start":{"line":111,"column":80},"end":{"line":111,"column":81}},"loc":{"start":{"line":111,"column":84},"end":{"line":113,"column":9}}},"8":{"name":"(anonymous_8)","decl":{"start":{"line":122,"column":4},"end":{"line":122,"column":12}},"loc":{"start":{"line":122,"column":74},"end":{"line":127,"column":5}}},"9":{"name":"(anonymous_9)","decl":{"start":{"line":132,"column":4},"end":{"line":132,"column":12}},"loc":{"start":{"line":132,"column":4},"end":{"line":142,"column":5}}},"10":{"name":"(anonymous_10)","decl":{"start":{"line":133,"column":38},"end":{"line":133,"column":39}},"loc":{"start":{"line":133,"column":44},"end":{"line":141,"column":9}}},"11":{"name":"(anonymous_11)","decl":{"start":{"line":135,"column":40},"end":{"line":135,"column":41}},"loc":{"start":{"line":135,"column":44},"end":{"line":140,"column":13}}},"12":{"name":"(anonymous_12)","decl":{"start":{"line":147,"column":4},"end":{"line":147,"column":12}},"loc":{"start":{"line":147,"column":4},"end":{"line":158,"column":5}}},"13":{"name":"(anonymous_13)","decl":{"start":{"line":149,"column":44},"end":{"line":149,"column":45}},"loc":{"start":{"line":149,"column":53},"end":{"line":152,"column":13}}},"14":{"name":"(anonymous_14)","decl":{"start":{"line":165,"column":4},"end":{"line":165,"column":12}},"loc":{"start":{"line":165,"column":51},"end":{"line":186,"column":5}}},"15":{"name":"(anonymous_15)","decl":{"start":{"line":180,"column":26},"end":{"line":180,"column":27}},"loc":{"start":{"line":180,"column":42},"end":{"line":184,"column":13}}},"16":{"name":"(anonymous_16)","decl":{"start":{"line":192,"column":4},"end":{"line":192,"column":12}},"loc":{"start":{"line":192,"column":39},"end":{"line":207,"column":5}}},"17":{"name":"(anonymous_17)","decl":{"start":{"line":194,"column":19},"end":{"line":194,"column":null}},"loc":{"start":{"line":194,"column":19},"end":{"line":205,"column":13}}},"18":{"name":"(anonymous_18)","decl":{"start":{"line":197,"column":34},"end":{"line":197,"column":40}},"loc":{"start":{"line":197,"column":34},"end":{"line":197,"column":44}}},"19":{"name":"(anonymous_19)","decl":{"start":{"line":212,"column":4},"end":{"line":212,"column":12}},"loc":{"start":{"line":212,"column":4},"end":{"line":244,"column":5}}},"20":{"name":"(anonymous_20)","decl":{"start":{"line":216,"column":37},"end":{"line":216,"column":38}},"loc":{"start":{"line":216,"column":39},"end":{"line":229,"column":17}}},"21":{"name":"(anonymous_21)","decl":{"start":{"line":230,"column":37},"end":{"line":230,"column":38}},"loc":{"start":{"line":230,"column":39},"end":{"line":242,"column":17}}},"22":{"name":"(anonymous_22)","decl":{"start":{"line":237,"column":32},"end":{"line":237,"column":33}},"loc":{"start":{"line":237,"column":36},"end":{"line":239,"column":33}}},"23":{"name":"(anonymous_23)","decl":{"start":{"line":250,"column":4},"end":{"line":250,"column":12}},"loc":{"start":{"line":250,"column":4},"end":{"line":260,"column":5}}},"24":{"name":"(anonymous_24)","decl":{"start":{"line":252,"column":38},"end":{"line":252,"column":39}},"loc":{"start":{"line":252,"column":42},"end":{"line":258,"column":13}}},"25":{"name":"(anonymous_25)","decl":{"start":{"line":253,"column":52},"end":{"line":253,"column":53}},"loc":{"start":{"line":253,"column":56},"end":{"line":257,"column":17}}},"26":{"name":"(anonymous_26)","decl":{"start":{"line":268,"column":4},"end":{"line":268,"column":12}},"loc":{"start":{"line":268,"column":58},"end":{"line":277,"column":5}}},"27":{"name":"(anonymous_27)","decl":{"start":{"line":272,"column":25},"end":{"line":272,"column":32}},"loc":{"start":{"line":272,"column":25},"end":{"line":272,"column":57}}},"28":{"name":"(anonymous_28)","decl":{"start":{"line":283,"column":4},"end":{"line":283,"column":12}},"loc":{"start":{"line":283,"column":36},"end":{"line":289,"column":5}}},"29":{"name":"(anonymous_29)","decl":{"start":{"line":285,"column":31},"end":{"line":285,"column":null}},"loc":{"start":{"line":285,"column":31},"end":{"line":287,"column":13}}},"30":{"name":"(anonymous_30)","decl":{"start":{"line":294,"column":4},"end":{"line":294,"column":15}},"loc":{"start":{"line":294,"column":4},"end":{"line":304,"column":5}}}},"branchMap":{"0":{"loc":{"start":{"line":88,"column":8},"end":{"line":90,"column":null}},"type":"if","locations":[{"start":{"line":88,"column":8},"end":{"line":90,"column":null}},{"start":{"line":88,"column":8},"end":{"line":90,"column":null}}]},"1":{"loc":{"start":{"line":91,"column":8},"end":{"line":93,"column":null}},"type":"if","locations":[{"start":{"line":91,"column":8},"end":{"line":93,"column":null}},{"start":{"line":91,"column":8},"end":{"line":93,"column":null}}]},"2":{"loc":{"start":{"line":101,"column":12},"end":{"line":103,"column":null}},"type":"if","locations":[{"start":{"line":101,"column":12},"end":{"line":103,"column":null}},{"start":{"line":101,"column":12},"end":{"line":103,"column":null}}]},"3":{"loc":{"start":{"line":125,"column":8},"end":{"line":125,"column":null}},"type":"if","locations":[{"start":{"line":125,"column":8},"end":{"line":125,"column":null}},{"start":{"line":125,"column":8},"end":{"line":125,"column":null}}]},"4":{"loc":{"start":{"line":148,"column":8},"end":{"line":157,"column":null}},"type":"if","locations":[{"start":{"line":148,"column":8},"end":{"line":157,"column":null}},{"start":{"line":148,"column":8},"end":{"line":157,"column":null}}]},"5":{"loc":{"start":{"line":154,"column":12},"end":{"line":156,"column":null}},"type":"if","locations":[{"start":{"line":154,"column":12},"end":{"line":156,"column":null}},{"start":{"line":154,"column":12},"end":{"line":156,"column":null}}]},"6":{"loc":{"start":{"line":175,"column":8},"end":{"line":177,"column":null}},"type":"if","locations":[{"start":{"line":175,"column":8},"end":{"line":177,"column":null}},{"start":{"line":175,"column":8},"end":{"line":177,"column":null}}]},"7":{"loc":{"start":{"line":193,"column":8},"end":{"line":206,"column":null}},"type":"if","locations":[{"start":{"line":193,"column":8},"end":{"line":206,"column":null}},{"start":{"line":193,"column":8},"end":{"line":206,"column":null}}]},"8":{"loc":{"start":{"line":193,"column":12},"end":{"line":193,"column":34}},"type":"binary-expr","locations":[{"start":{"line":193,"column":12},"end":{"line":193,"column":34}},{"start":{"line":193,"column":38},"end":{"line":193,"column":60}}]},"9":{"loc":{"start":{"line":213,"column":8},"end":{"line":243,"column":null}},"type":"if","locations":[{"start":{"line":213,"column":8},"end":{"line":243,"column":null}},{"start":{"line":213,"column":8},"end":{"line":243,"column":null}}]},"10":{"loc":{"start":{"line":217,"column":20},"end":{"line":227,"column":null}},"type":"if","locations":[{"start":{"line":217,"column":20},"end":{"line":227,"column":null}},{"start":{"line":217,"column":20},"end":{"line":227,"column":null}}]},"11":{"loc":{"start":{"line":231,"column":20},"end":{"line":241,"column":null}},"type":"if","locations":[{"start":{"line":231,"column":20},"end":{"line":241,"column":null}},{"start":{"line":231,"column":20},"end":{"line":241,"column":null}}]},"12":{"loc":{"start":{"line":232,"column":24},"end":{"line":240,"column":null}},"type":"if","locations":[{"start":{"line":232,"column":24},"end":{"line":240,"column":null}},{"start":{"line":232,"column":24},"end":{"line":240,"column":null}}]},"13":{"loc":{"start":{"line":251,"column":8},"end":{"line":259,"column":null}},"type":"if","locations":[{"start":{"line":251,"column":8},"end":{"line":259,"column":null}},{"start":{"line":251,"column":8},"end":{"line":259,"column":null}}]},"14":{"loc":{"start":{"line":254,"column":20},"end":{"line":256,"column":null}},"type":"if","locations":[{"start":{"line":254,"column":20},"end":{"line":256,"column":null}},{"start":{"line":254,"column":20},"end":{"line":256,"column":null}}]},"15":{"loc":{"start":{"line":273,"column":8},"end":{"line":275,"column":null}},"type":"if","locations":[{"start":{"line":273,"column":8},"end":{"line":275,"column":null}},{"start":{"line":273,"column":8},"end":{"line":275,"column":null}}]},"16":{"loc":{"start":{"line":284,"column":8},"end":{"line":288,"column":null}},"type":"if","locations":[{"start":{"line":284,"column":8},"end":{"line":288,"column":null}},{"start":{"line":284,"column":8},"end":{"line":288,"column":null}}]},"17":{"loc":{"start":{"line":295,"column":8},"end":{"line":297,"column":null}},"type":"if","locations":[{"start":{"line":295,"column":8},"end":{"line":297,"column":null}},{"start":{"line":295,"column":8},"end":{"line":297,"column":null}}]},"18":{"loc":{"start":{"line":298,"column":8},"end":{"line":300,"column":null}},"type":"if","locations":[{"start":{"line":298,"column":8},"end":{"line":300,"column":null}},{"start":{"line":298,"column":8},"end":{"line":300,"column":null}}]},"19":{"loc":{"start":{"line":301,"column":8},"end":{"line":303,"column":null}},"type":"if","locations":[{"start":{"line":301,"column":8},"end":{"line":303,"column":null}},{"start":{"line":301,"column":8},"end":{"line":303,"column":null}}]}},"s":{"0":1,"1":1,"2":1,"3":1,"4":1,"5":1,"6":1,"7":1,"8":1,"9":1,"10":1,"11":1,"12":1,"13":1,"14":1,"15":1,"16":1,"17":1,"18":1,"19":1,"20":1,"21":1,"22":1,"23":1,"24":1,"25":1,"26":1,"27":1,"28":1,"29":1,"30":1,"31":0,"32":0,"33":0,"34":0,"35":1,"36":1,"37":1,"38":0,"39":0,"40":1,"41":1,"42":1,"43":0,"44":1,"45":0,"46":0,"47":0,"48":0,"49":0,"50":1,"51":1,"52":1,"53":1,"54":1,"55":0,"56":0,"57":0,"58":0,"59":1,"60":0,"61":0,"62":0,"63":0,"64":0,"65":0,"66":0,"67":1,"68":0,"69":0,"70":0,"71":0,"72":0,"73":0,"74":0,"75":0,"76":1,"77":0,"78":0,"79":0,"80":0,"81":0,"82":1,"83":0,"84":0,"85":0,"86":0,"87":0,"88":0,"89":0,"90":0,"91":0,"92":0,"93":0,"94":0,"95":0,"96":0,"97":0,"98":1,"99":0,"100":0,"101":0,"102":0,"103":0,"104":0,"105":1,"106":0,"107":0,"108":0,"109":0,"110":0,"111":0,"112":1,"113":0,"114":0,"115":0,"116":0,"117":1,"118":0,"119":0,"120":0,"121":0,"122":0,"123":0,"124":1,"125":1,"126":1,"127":1,"128":1,"129":1,"130":1,"131":1,"132":1,"133":1,"134":1,"135":1},"f":{"0":1,"1":1,"2":1,"3":0,"4":1,"5":0,"6":1,"7":0,"8":0,"9":1,"10":1,"11":0,"12":0,"13":0,"14":0,"15":0,"16":0,"17":0,"18":0,"19":0,"20":0,"21":0,"22":0,"23":0,"24":0,"25":0,"26":0,"27":0,"28":0,"29":0,"30":0},"b":{"0":[0,0],"1":[0,0],"2":[0,0],"3":[0,0],"4":[0,0],"5":[0,0],"6":[0,0],"7":[0,0],"8":[0,0],"9":[0,0],"10":[0,0],"11":[0,0],"12":[0,0],"13":[0,0],"14":[0,0],"15":[0,0],"16":[0,0],"17":[0,0],"18":[0,0],"19":[0,0]}}
,"/home/dalidos/Bureau/alsace/client/src/app/components/page-content/page-footer/page-footer.component.html": {"data":{"path":"/home/dalidos/Bureau/alsace/client/src/app/components/page-content/page-footer/page-footer.component.html","statementMap":{"0":{"start":{"line":1,"column":0},"end":{"line":1,"column":744}}},"fnMap":{},"branchMap":{},"s":{"0":2},"f":{},"b":{},"_coverageSchema":"43e27e138ebf9cfc5966b082cf9a028302ed4184","hash":"341113d0251d9531db776ba51f7257d9704d964b"}}
,"/home/dalidos/Bureau/alsace/client/src/app/components/page-content/page-footer/page-footer.component.ts": {"path":"/home/dalidos/Bureau/alsace/client/src/app/components/page-content/page-footer/page-footer.component.ts","statementMap":{"0":{"start":{"line":1,"column":0},"end":{"line":1,"column":50}},"1":{"start":{"line":2,"column":0},"end":{"line":2,"column":55}},"2":{"start":{"line":9,"column":0},"end":{"line":9,"column":13}},"3":{"start":{"line":13,"column":22},"end":{"line":13,"column":30}},"4":{"start":{"line":14,"column":22},"end":{"line":14,"column":29}},"5":{"start":{"line":16,"column":2},"end":{"line":22,"column":null}},"6":{"start":{"line":17,"column":4},"end":{"line":21,"column":null}},"7":{"start":{"line":18,"column":8},"end":{"line":20,"column":null}},"8":{"start":{"line":19,"column":12},"end":{"line":19,"column":58}},"9":{"start":{"line":24,"column":2},"end":{"line":26,"column":null}},"10":{"start":{"line":25,"column":6},"end":{"line":25,"column":35}},"11":{"start":{"line":9,"column":13},"end":{"line":28,"column":null}},"12":{"start":{"line":28,"column":0},"end":{"line":28,"column":null}},"13":{"start":{"line":9,"column":13},"end":{"line":9,"column":32}}},"fnMap":{"0":{"name":"(anonymous_0)","decl":{"start":{"line":9,"column":0},"end":{"line":9,"column":13}},"loc":{"start":{"line":9,"column":0},"end":{"line":9,"column":13}}},"1":{"name":"PageFooterComponent","decl":{"start":{"line":13,"column":2},"end":{"line":13,"column":22}},"loc":{"start":{"line":14,"column":43},"end":{"line":14,"column":48}}},"2":{"name":"(anonymous_2)","decl":{"start":{"line":16,"column":2},"end":{"line":16,"column":10}},"loc":{"start":{"line":16,"column":2},"end":{"line":22,"column":3}}},"3":{"name":"(anonymous_3)","decl":{"start":{"line":24,"column":2},"end":{"line":24,"column":14}},"loc":{"start":{"line":24,"column":19},"end":{"line":26,"column":3}}}},"branchMap":{"0":{"loc":{"start":{"line":17,"column":4},"end":{"line":21,"column":null}},"type":"if","locations":[{"start":{"line":17,"column":4},"end":{"line":21,"column":null}},{"start":{"line":17,"column":4},"end":{"line":21,"column":null}}]},"1":{"loc":{"start":{"line":18,"column":8},"end":{"line":20,"column":null}},"type":"if","locations":[{"start":{"line":18,"column":8},"end":{"line":20,"column":null}},{"start":{"line":18,"column":8},"end":{"line":20,"column":null}}]}},"s":{"0":2,"1":2,"2":2,"3":2,"4":2,"5":2,"6":2,"7":0,"8":0,"9":2,"10":0,"11":2,"12":2,"13":2},"f":{"0":2,"1":2,"2":2,"3":0},"b":{"0":[0,2],"1":[0,0]}}
,"/home/dalidos/Bureau/alsace/client/src/app/components/page-content/page-header/page-header.component.html": {"data":{"path":"/home/dalidos/Bureau/alsace/client/src/app/components/page-content/page-header/page-header.component.html","statementMap":{"0":{"start":{"line":1,"column":0},"end":{"line":1,"column":352}}},"fnMap":{},"branchMap":{},"s":{"0":2},"f":{},"b":{},"_coverageSchema":"43e27e138ebf9cfc5966b082cf9a028302ed4184","hash":"76f089c00b26255a46ab5e4d37a76a871d503b09"}}
,"/home/dalidos/Bureau/alsace/client/src/app/components/page-content/page-header/page-header.component.ts": {"path":"/home/dalidos/Bureau/alsace/client/src/app/components/page-content/page-header/page-header.component.ts","statementMap":{"0":{"start":{"line":1,"column":0},"end":{"line":1,"column":55}},"1":{"start":{"line":8,"column":0},"end":{"line":8,"column":13}},"2":{"start":{"line":11,"column":13},"end":{"line":11,"column":31}},"3":{"start":{"line":15,"column":2},"end":{"line":15,"column":null}},"4":{"start":{"line":10,"column":13},"end":{"line":10,"column":null}},"5":{"start":{"line":11,"column":13},"end":{"line":11,"column":null}},"6":{"start":{"line":8,"column":13},"end":{"line":17,"column":null}},"7":{"start":{"line":17,"column":0},"end":{"line":17,"column":null}},"8":{"start":{"line":8,"column":13},"end":{"line":8,"column":32}}},"fnMap":{"0":{"name":"(anonymous_0)","decl":{"start":{"line":8,"column":0},"end":{"line":8,"column":13}},"loc":{"start":{"line":8,"column":0},"end":{"line":8,"column":13}}},"1":{"name":"PageHeaderComponent","decl":{"start":{"line":13,"column":2},"end":{"line":13,"column":18}},"loc":{"start":{"line":13,"column":2},"end":{"line":13,"column":19}}},"2":{"name":"(anonymous_2)","decl":{"start":{"line":15,"column":2},"end":{"line":15,"column":10}},"loc":{"start":{"line":15,"column":2},"end":{"line":15,"column":15}}}},"branchMap":{},"s":{"0":2,"1":2,"2":2,"3":2,"4":2,"5":2,"6":2,"7":2,"8":2},"f":{"0":2,"1":2,"2":2},"b":{}}
,"/home/dalidos/Bureau/alsace/client/src/app/components/upload/upload-browser/upload-browser.component.html": {"data":{"path":"/home/dalidos/Bureau/alsace/client/src/app/components/upload/upload-browser/upload-browser.component.html","statementMap":{"0":{"start":{"line":1,"column":0},"end":{"line":1,"column":599}}},"fnMap":{},"branchMap":{},"s":{"0":1},"f":{},"b":{},"_coverageSchema":"43e27e138ebf9cfc5966b082cf9a028302ed4184","hash":"a4a2e98b8e7fe26d6a71d406a9936e62110312da"}}
,"/home/dalidos/Bureau/alsace/client/src/app/components/upload/upload-browser/upload-browser.component.ts": {"path":"/home/dalidos/Bureau/alsace/client/src/app/components/upload/upload-browser/upload-browser.component.ts","statementMap":{"0":{"start":{"line":1,"column":0},"end":{"line":1,"column":77}},"1":{"start":{"line":2,"column":0},"end":{"line":2,"column":61}},"2":{"start":{"line":3,"column":0},"end":{"line":3,"column":70}},"3":{"start":{"line":4,"column":0},"end":{"line":4,"column":28}},"4":{"start":{"line":11,"column":0},"end":{"line":11,"column":13}},"5":{"start":{"line":26,"column":24},"end":{"line":26,"column":39}},"6":{"start":{"line":27,"column":24},"end":{"line":27,"column":36}},"7":{"start":{"line":13,"column":4},"end":{"line":13,"column":23}},"8":{"start":{"line":14,"column":4},"end":{"line":14,"column":21}},"9":{"start":{"line":19,"column":14},"end":{"line":19,"column":51}},"10":{"start":{"line":21,"column":4},"end":{"line":21,"column":23}},"11":{"start":{"line":22,"column":4},"end":{"line":22,"column":23}},"12":{"start":{"line":23,"column":4},"end":{"line":23,"column":28}},"13":{"start":{"line":24,"column":4},"end":{"line":24,"column":20}},"14":{"start":{"line":30,"column":4},"end":{"line":30,"column":68}},"15":{"start":{"line":32,"column":4},"end":{"line":36,"column":null}},"16":{"start":{"line":33,"column":8},"end":{"line":33,"column":40}},"17":{"start":{"line":34,"column":8},"end":{"line":34,"column":52}},"18":{"start":{"line":35,"column":8},"end":{"line":35,"column":29}},"19":{"start":{"line":41,"column":4},"end":{"line":57,"column":null}},"20":{"start":{"line":42,"column":8},"end":{"line":42,"column":42}},"21":{"start":{"line":43,"column":33},"end":{"line":43,"column":77}},"22":{"start":{"line":46,"column":22},"end":{"line":46,"column":60}},"23":{"start":{"line":47,"column":24},"end":{"line":47,"column":49}},"24":{"start":{"line":48,"column":8},"end":{"line":48,"column":35}},"25":{"start":{"line":51,"column":8},"end":{"line":56,"column":null}},"26":{"start":{"line":52,"column":12},"end":{"line":52,"column":34}},"27":{"start":{"line":54,"column":12},"end":{"line":54,"column":122}},"28":{"start":{"line":55,"column":12},"end":{"line":55,"column":35}},"29":{"start":{"line":62,"column":4},"end":{"line":71,"column":null}},"30":{"start":{"line":63,"column":8},"end":{"line":70,"column":11}},"31":{"start":{"line":64,"column":12},"end":{"line":69,"column":null}},"32":{"start":{"line":65,"column":16},"end":{"line":65,"column":48}},"33":{"start":{"line":66,"column":16},"end":{"line":68,"column":25}},"34":{"start":{"line":67,"column":20},"end":{"line":67,"column":57}},"35":{"start":{"line":76,"column":4},"end":{"line":99,"column":null}},"36":{"start":{"line":76,"column":4},"end":{"line":76,"column":19}},"37":{"start":{"line":78,"column":8},"end":{"line":98,"column":null}},"38":{"start":{"line":81,"column":12},"end":{"line":81,"column":58}},"39":{"start":{"line":84,"column":12},"end":{"line":84,"column":38}},"40":{"start":{"line":87,"column":12},"end":{"line":95,"column":14}},"41":{"start":{"line":88,"column":16},"end":{"line":90,"column":null}},"42":{"start":{"line":89,"column":20},"end":{"line":89,"column":56}},"43":{"start":{"line":91,"column":16},"end":{"line":94,"column":null}},"44":{"start":{"line":92,"column":20},"end":{"line":92,"column":40}},"45":{"start":{"line":93,"column":20},"end":{"line":93,"column":44}},"46":{"start":{"line":97,"column":12},"end":{"line":97,"column":52}},"47":{"start":{"line":101,"column":4},"end":{"line":104,"column":null}},"48":{"start":{"line":103,"column":8},"end":{"line":103,"column":170}},"49":{"start":{"line":18,"column":13},"end":{"line":18,"column":null}},"50":{"start":{"line":19,"column":14},"end":{"line":19,"column":null}},"51":{"start":{"line":11,"column":13},"end":{"line":108,"column":null}},"52":{"start":{"line":108,"column":0},"end":{"line":108,"column":null}},"53":{"start":{"line":11,"column":13},"end":{"line":11,"column":35}}},"fnMap":{"0":{"name":"(anonymous_0)","decl":{"start":{"line":11,"column":0},"end":{"line":11,"column":13}},"loc":{"start":{"line":11,"column":0},"end":{"line":11,"column":13}}},"1":{"name":"UploadBrowserComponent","decl":{"start":{"line":26,"column":4},"end":{"line":26,"column":24}},"loc":{"start":{"line":27,"column":46},"end":{"line":28,"column":5}}},"2":{"name":"(anonymous_2)","decl":{"start":{"line":32,"column":4},"end":{"line":32,"column":12}},"loc":{"start":{"line":32,"column":4},"end":{"line":36,"column":5}}},"3":{"name":"(anonymous_3)","decl":{"start":{"line":41,"column":4},"end":{"line":41,"column":15}},"loc":{"start":{"line":41,"column":4},"end":{"line":57,"column":5}}},"4":{"name":"(anonymous_4)","decl":{"start":{"line":62,"column":4},"end":{"line":62,"column":17}},"loc":{"start":{"line":62,"column":4},"end":{"line":71,"column":5}}},"5":{"name":"(anonymous_5)","decl":{"start":{"line":63,"column":41},"end":{"line":63,"column":42}},"loc":{"start":{"line":63,"column":45},"end":{"line":70,"column":9}}},"6":{"name":"(anonymous_6)","decl":{"start":{"line":66,"column":27},"end":{"line":66,"column":null}},"loc":{"start":{"line":66,"column":27},"end":{"line":68,"column":17}}},"7":{"name":"(anonymous_7)","decl":{"start":{"line":76,"column":4},"end":{"line":76,"column":19}},"loc":{"start":{"line":76,"column":4},"end":{"line":99,"column":5}}},"8":{"name":"(anonymous_8)","decl":{"start":{"line":87,"column":43},"end":{"line":87,"column":44}},"loc":{"start":{"line":87,"column":53},"end":{"line":95,"column":13}}},"9":{"name":"(anonymous_9)","decl":{"start":{"line":101,"column":4},"end":{"line":101,"column":16}},"loc":{"start":{"line":101,"column":4},"end":{"line":104,"column":5}}}},"branchMap":{"0":{"loc":{"start":{"line":51,"column":8},"end":{"line":56,"column":null}},"type":"if","locations":[{"start":{"line":51,"column":8},"end":{"line":56,"column":null}},{"start":{"line":51,"column":8},"end":{"line":56,"column":null}}]},"1":{"loc":{"start":{"line":64,"column":12},"end":{"line":69,"column":null}},"type":"if","locations":[{"start":{"line":64,"column":12},"end":{"line":69,"column":null}},{"start":{"line":64,"column":12},"end":{"line":69,"column":null}}]},"2":{"loc":{"start":{"line":78,"column":8},"end":{"line":98,"column":null}},"type":"if","locations":[{"start":{"line":78,"column":8},"end":{"line":98,"column":null}},{"start":{"line":78,"column":8},"end":{"line":98,"column":null}}]},"3":{"loc":{"start":{"line":88,"column":16},"end":{"line":90,"column":null}},"type":"if","locations":[{"start":{"line":88,"column":16},"end":{"line":90,"column":null}},{"start":{"line":88,"column":16},"end":{"line":90,"column":null}}]},"4":{"loc":{"start":{"line":91,"column":16},"end":{"line":94,"column":null}},"type":"if","locations":[{"start":{"line":91,"column":16},"end":{"line":94,"column":null}},{"start":{"line":91,"column":16},"end":{"line":94,"column":null}}]},"5":{"loc":{"start":{"line":91,"column":20},"end":{"line":91,"column":32}},"type":"binary-expr","locations":[{"start":{"line":91,"column":20},"end":{"line":91,"column":32}},{"start":{"line":91,"column":36},"end":{"line":91,"column":49}}]}},"s":{"0":1,"1":1,"2":1,"3":1,"4":1,"5":1,"6":1,"7":1,"8":1,"9":1,"10":1,"11":1,"12":1,"13":1,"14":1,"15":1,"16":1,"17":1,"18":1,"19":1,"20":0,"21":0,"22":0,"23":0,"24":0,"25":0,"26":0,"27":0,"28":0,"29":1,"30":1,"31":0,"32":0,"33":0,"34":0,"35":1,"36":0,"37":0,"38":0,"39":0,"40":0,"41":0,"42":0,"43":0,"44":0,"45":0,"46":0,"47":1,"48":0,"49":1,"50":1,"51":1,"52":1,"53":1},"f":{"0":1,"1":1,"2":1,"3":0,"4":1,"5":0,"6":0,"7":0,"8":0,"9":0},"b":{"0":[0,0],"1":[0,0],"2":[0,0],"3":[0,0],"4":[0,0],"5":[0,0]}}
,"/home/dalidos/Bureau/alsace/client/src/app/components/upload/upload-modile/upload-modile.component.html": {"data":{"path":"/home/dalidos/Bureau/alsace/client/src/app/components/upload/upload-modile/upload-modile.component.html","statementMap":{"0":{"start":{"line":1,"column":0},"end":{"line":1,"column":921}}},"fnMap":{},"branchMap":{},"s":{"0":1},"f":{},"b":{},"_coverageSchema":"43e27e138ebf9cfc5966b082cf9a028302ed4184","hash":"4557fdb20c29936556e555656ffbab7ec268766a"}}
,"/home/dalidos/Bureau/alsace/client/src/app/components/upload/upload-modile/upload-modile.component.ts": {"path":"/home/dalidos/Bureau/alsace/client/src/app/components/upload/upload-modile/upload-modile.component.ts","statementMap":{"0":{"start":{"line":1,"column":0},"end":{"line":1,"column":48}},"1":{"start":{"line":2,"column":0},"end":{"line":2,"column":null}},"2":{"start":{"line":12,"column":0},"end":{"line":12,"column":82}},"3":{"start":{"line":13,"column":0},"end":{"line":13,"column":53}},"4":{"start":{"line":14,"column":0},"end":{"line":14,"column":55}},"5":{"start":{"line":15,"column":0},"end":{"line":15,"column":44}},"6":{"start":{"line":16,"column":0},"end":{"line":16,"column":56}},"7":{"start":{"line":17,"column":0},"end":{"line":17,"column":99}},"8":{"start":{"line":18,"column":0},"end":{"line":18,"column":39}},"9":{"start":{"line":19,"column":0},"end":{"line":19,"column":40}},"10":{"start":{"line":20,"column":0},"end":{"line":20,"column":65}},"11":{"start":{"line":22,"column":0},"end":{"line":22,"column":61}},"12":{"start":{"line":23,"column":0},"end":{"line":23,"column":70}},"13":{"start":{"line":25,"column":20},"end":{"line":25,"column":31}},"14":{"start":{"line":32,"column":0},"end":{"line":32,"column":13}},"15":{"start":{"line":41,"column":24},"end":{"line":41,"column":32}},"16":{"start":{"line":41,"column":48},"end":{"line":41,"column":54}},"17":{"start":{"line":41,"column":68},"end":{"line":41,"column":74}},"18":{"start":{"line":41,"column":94},"end":{"line":41,"column":103}},"19":{"start":{"line":42,"column":24},"end":{"line":42,"column":47}},"20":{"start":{"line":42,"column":78},"end":{"line":42,"column":95}},"21":{"start":{"line":43,"column":24},"end":{"line":43,"column":33}},"22":{"start":{"line":43,"column":50},"end":{"line":43,"column":55}},"23":{"start":{"line":43,"column":73},"end":{"line":43,"column":92}},"24":{"start":{"line":44,"column":24},"end":{"line":44,"column":35}},"25":{"start":{"line":44,"column":62},"end":{"line":44,"column":72}},"26":{"start":{"line":44,"column":90},"end":{"line":44,"column":100}},"27":{"start":{"line":45,"column":24},"end":{"line":45,"column":39}},"28":{"start":{"line":45,"column":62},"end":{"line":45,"column":74}},"29":{"start":{"line":45,"column":94},"end":{"line":45,"column":103}},"30":{"start":{"line":36,"column":14},"end":{"line":36,"column":51}},"31":{"start":{"line":38,"column":4},"end":{"line":38,"column":16}},"32":{"start":{"line":39,"column":12},"end":{"line":39,"column":82}},"33":{"start":{"line":47,"column":4},"end":{"line":51,"column":null}},"34":{"start":{"line":47,"column":4},"end":{"line":47,"column":12}},"35":{"start":{"line":48,"column":8},"end":{"line":50,"column":11}},"36":{"start":{"line":49,"column":12},"end":{"line":49,"column":36}},"37":{"start":{"line":53,"column":4},"end":{"line":57,"column":null}},"38":{"start":{"line":53,"column":4},"end":{"line":53,"column":15}},"39":{"start":{"line":54,"column":8},"end":{"line":56,"column":11}},"40":{"start":{"line":55,"column":12},"end":{"line":55,"column":41}},"41":{"start":{"line":59,"column":4},"end":{"line":73,"column":null}},"42":{"start":{"line":59,"column":4},"end":{"line":59,"column":20}},"43":{"start":{"line":60,"column":8},"end":{"line":72,"column":null}},"44":{"start":{"line":61,"column":12},"end":{"line":71,"column":15}},"45":{"start":{"line":62,"column":16},"end":{"line":70,"column":null}},"46":{"start":{"line":63,"column":32},"end":{"line":63,"column":50}},"47":{"start":{"line":64,"column":20},"end":{"line":64,"column":37}},"48":{"start":{"line":65,"column":20},"end":{"line":69,"column":null}},"49":{"start":{"line":65,"column":38},"end":{"line":65,"column":41}},"50":{"start":{"line":65,"column":34},"end":{"line":65,"column":38}},"51":{"start":{"line":66,"column":41},"end":{"line":66,"column":70}},"52":{"start":{"line":67,"column":40},"end":{"line":67,"column":67}},"53":{"start":{"line":68,"column":24},"end":{"line":68,"column":79}},"54":{"start":{"line":75,"column":4},"end":{"line":82,"column":null}},"55":{"start":{"line":76,"column":8},"end":{"line":81,"column":null}},"56":{"start":{"line":77,"column":12},"end":{"line":77,"column":22}},"57":{"start":{"line":79,"column":30},"end":{"line":79,"column":62}},"58":{"start":{"line":80,"column":12},"end":{"line":80,"column":29}},"59":{"start":{"line":84,"column":10},"end":{"line":91,"column":null}},"60":{"start":{"line":85,"column":22},"end":{"line":89,"column":null}},"61":{"start":{"line":85,"column":14},"end":{"line":89,"column":null}},"62":{"start":{"line":90,"column":8},"end":{"line":90,"column":24}},"63":{"start":{"line":93,"column":10},"end":{"line":116,"column":null}},"64":{"start":{"line":94,"column":8},"end":{"line":94,"column":42}},"65":{"start":{"line":95,"column":28},"end":{"line":114,"column":null}},"66":{"start":{"line":100,"column":20},"end":{"line":100,"column":81}},"67":{"start":{"line":106,"column":24},"end":{"line":106,"column":79}},"68":{"start":{"line":95,"column":14},"end":{"line":114,"column":null}},"69":{"start":{"line":115,"column":8},"end":{"line":115,"column":36}},"70":{"start":{"line":118,"column":4},"end":{"line":141,"column":null}},"71":{"start":{"line":118,"column":4},"end":{"line":118,"column":15}},"72":{"start":{"line":119,"column":39},"end":{"line":124,"column":10}},"73":{"start":{"line":126,"column":8},"end":{"line":139,"column":11}},"74":{"start":{"line":127,"column":12},"end":{"line":138,"column":null}},"75":{"start":{"line":128,"column":16},"end":{"line":133,"column":23}},"76":{"start":{"line":130,"column":44},"end":{"line":130,"column":93}},"77":{"start":{"line":131,"column":44},"end":{"line":131,"column":123}},"78":{"start":{"line":132,"column":24},"end":{"line":132,"column":108}},"79":{"start":{"line":135,"column":36},"end":{"line":135,"column":84}},"80":{"start":{"line":136,"column":36},"end":{"line":136,"column":87}},"81":{"start":{"line":137,"column":16},"end":{"line":137,"column":100}},"82":{"start":{"line":143,"column":4},"end":{"line":147,"column":null}},"83":{"start":{"line":144,"column":24},"end":{"line":144,"column":52}},"84":{"start":{"line":145,"column":8},"end":{"line":145,"column":35}},"85":{"start":{"line":146,"column":8},"end":{"line":146,"column":45}},"86":{"start":{"line":149,"column":4},"end":{"line":155,"column":null}},"87":{"start":{"line":149,"column":4},"end":{"line":149,"column":22}},"88":{"start":{"line":150,"column":8},"end":{"line":154,"column":11}},"89":{"start":{"line":151,"column":12},"end":{"line":151,"column":49}},"90":{"start":{"line":153,"column":12},"end":{"line":153,"column":59}},"91":{"start":{"line":157,"column":4},"end":{"line":185,"column":null}},"92":{"start":{"line":157,"column":4},"end":{"line":157,"column":22}},"93":{"start":{"line":158,"column":8},"end":{"line":184,"column":null}},"94":{"start":{"line":159,"column":12},"end":{"line":183,"column":15}},"95":{"start":{"line":160,"column":28},"end":{"line":160,"column":46}},"96":{"start":{"line":161,"column":16},"end":{"line":169,"column":null}},"97":{"start":{"line":162,"column":38},"end":{"line":162,"column":44}},"98":{"start":{"line":163,"column":20},"end":{"line":163,"column":77}},"99":{"start":{"line":166,"column":20},"end":{"line":166,"column":35}},"100":{"start":{"line":167,"column":20},"end":{"line":167,"column":71}},"101":{"start":{"line":171,"column":33},"end":{"line":171,"column":63}},"102":{"start":{"line":172,"column":32},"end":{"line":172,"column":59}},"103":{"start":{"line":174,"column":33},"end":{"line":178,"column":18}},"104":{"start":{"line":180,"column":16},"end":{"line":180,"column":57}},"105":{"start":{"line":181,"column":16},"end":{"line":181,"column":47}},"106":{"start":{"line":188,"column":4},"end":{"line":196,"column":null}},"107":{"start":{"line":188,"column":4},"end":{"line":188,"column":15}},"108":{"start":{"line":189,"column":8},"end":{"line":195,"column":15}},"109":{"start":{"line":191,"column":18},"end":{"line":191,"column":72}},"110":{"start":{"line":191,"column":51},"end":{"line":191,"column":71}},"111":{"start":{"line":194,"column":16},"end":{"line":194,"column":63}},"112":{"start":{"line":198,"column":4},"end":{"line":209,"column":null}},"113":{"start":{"line":198,"column":4},"end":{"line":198,"column":12}},"114":{"start":{"line":199,"column":23},"end":{"line":199,"column":39}},"115":{"start":{"line":200,"column":8},"end":{"line":207,"column":10}},"116":{"start":{"line":201,"column":29},"end":{"line":201,"column":43}},"117":{"start":{"line":202,"column":28},"end":{"line":204,"column":14}},"118":{"start":{"line":205,"column":12},"end":{"line":205,"column":64}},"119":{"start":{"line":206,"column":12},"end":{"line":206,"column":43}},"120":{"start":{"line":208,"column":8},"end":{"line":208,"column":39}},"121":{"start":{"line":211,"column":10},"end":{"line":232,"column":null}},"122":{"start":{"line":212,"column":24},"end":{"line":214,"column":null}},"123":{"start":{"line":212,"column":14},"end":{"line":214,"column":null}},"124":{"start":{"line":215,"column":8},"end":{"line":215,"column":32}},"125":{"start":{"line":217,"column":8},"end":{"line":231,"column":15}},"126":{"start":{"line":220,"column":20},"end":{"line":220,"column":38}},"127":{"start":{"line":224,"column":16},"end":{"line":230,"column":null}},"128":{"start":{"line":225,"column":20},"end":{"line":225,"column":56}},"129":{"start":{"line":227,"column":20},"end":{"line":227,"column":56}},"130":{"start":{"line":229,"column":20},"end":{"line":229,"column":55}},"131":{"start":{"line":234,"column":4},"end":{"line":248,"column":null}},"132":{"start":{"line":234,"column":4},"end":{"line":234,"column":15}},"133":{"start":{"line":235,"column":8},"end":{"line":235,"column":40}},"134":{"start":{"line":237,"column":8},"end":{"line":247,"column":11}},"135":{"start":{"line":238,"column":24},"end":{"line":238,"column":42}},"136":{"start":{"line":239,"column":29},"end":{"line":239,"column":71}},"137":{"start":{"line":239,"column":48},"end":{"line":239,"column":71}},"138":{"start":{"line":240,"column":12},"end":{"line":240,"column":68}},"139":{"start":{"line":242,"column":32},"end":{"line":242,"column":99}},"140":{"start":{"line":244,"column":12},"end":{"line":246,"column":15}},"141":{"start":{"line":34,"column":13},"end":{"line":34,"column":null}},"142":{"start":{"line":35,"column":13},"end":{"line":35,"column":null}},"143":{"start":{"line":36,"column":14},"end":{"line":36,"column":null}},"144":{"start":{"line":32,"column":13},"end":{"line":250,"column":null}},"145":{"start":{"line":250,"column":0},"end":{"line":250,"column":null}},"146":{"start":{"line":32,"column":13},"end":{"line":32,"column":34}}},"fnMap":{"0":{"name":"(anonymous_0)","decl":{"start":{"line":32,"column":0},"end":{"line":32,"column":13}},"loc":{"start":{"line":32,"column":0},"end":{"line":32,"column":13}}},"1":{"name":"UploadModileComponent","decl":{"start":{"line":41,"column":4},"end":{"line":41,"column":24}},"loc":{"start":{"line":45,"column":107},"end":{"line":45,"column":112}}},"2":{"name":"(anonymous_2)","decl":{"start":{"line":47,"column":4},"end":{"line":47,"column":12}},"loc":{"start":{"line":47,"column":4},"end":{"line":51,"column":5}}},"3":{"name":"(anonymous_3)","decl":{"start":{"line":48,"column":30},"end":{"line":48,"column":null}},"loc":{"start":{"line":48,"column":30},"end":{"line":50,"column":9}}},"4":{"name":"(anonymous_4)","decl":{"start":{"line":53,"column":4},"end":{"line":53,"column":15}},"loc":{"start":{"line":53,"column":38},"end":{"line":57,"column":5}}},"5":{"name":"(anonymous_5)","decl":{"start":{"line":54,"column":28},"end":{"line":54,"column":29}},"loc":{"start":{"line":54,"column":39},"end":{"line":56,"column":9}}},"6":{"name":"(anonymous_6)","decl":{"start":{"line":59,"column":4},"end":{"line":59,"column":20}},"loc":{"start":{"line":59,"column":4},"end":{"line":73,"column":5}}},"7":{"name":"(anonymous_7)","decl":{"start":{"line":61,"column":47},"end":{"line":61,"column":53}},"loc":{"start":{"line":61,"column":53},"end":{"line":71,"column":13}}},"8":{"name":"(anonymous_8)","decl":{"start":{"line":75,"column":4},"end":{"line":75,"column":16}},"loc":{"start":{"line":75,"column":20},"end":{"line":82,"column":5}}},"9":{"name":"(anonymous_9)","decl":{"start":{"line":84,"column":4},"end":{"line":84,"column":10}},"loc":{"start":{"line":84,"column":27},"end":{"line":91,"column":null}}},"10":{"name":"(anonymous_12)","decl":{"start":{"line":93,"column":4},"end":{"line":93,"column":10}},"loc":{"start":{"line":93,"column":4},"end":{"line":116,"column":null}}},"11":{"name":"(anonymous_15)","decl":{"start":{"line":99,"column":25},"end":{"line":99,"column":null}},"loc":{"start":{"line":99,"column":25},"end":{"line":101,"column":17}}},"12":{"name":"(anonymous_16)","decl":{"start":{"line":105,"column":29},"end":{"line":105,"column":null}},"loc":{"start":{"line":105,"column":29},"end":{"line":107,"column":21}}},"13":{"name":"(anonymous_17)","decl":{"start":{"line":118,"column":4},"end":{"line":118,"column":15}},"loc":{"start":{"line":118,"column":45},"end":{"line":141,"column":5}}},"14":{"name":"(anonymous_18)","decl":{"start":{"line":126,"column":45},"end":{"line":126,"column":54}},"loc":{"start":{"line":126,"column":54},"end":{"line":139,"column":9}}},"15":{"name":"(anonymous_19)","decl":{"start":{"line":129,"column":26},"end":{"line":129,"column":34}},"loc":{"start":{"line":129,"column":34},"end":{"line":133,"column":21}}},"16":{"name":"(anonymous_20)","decl":{"start":{"line":143,"column":4},"end":{"line":143,"column":18}},"loc":{"start":{"line":143,"column":30},"end":{"line":147,"column":5}}},"17":{"name":"(anonymous_21)","decl":{"start":{"line":149,"column":4},"end":{"line":149,"column":22}},"loc":{"start":{"line":149,"column":57},"end":{"line":155,"column":5}}},"18":{"name":"(anonymous_22)","decl":{"start":{"line":150,"column":93},"end":{"line":150,"column":94}},"loc":{"start":{"line":150,"column":101},"end":{"line":152,"column":9}}},"19":{"name":"(anonymous_23)","decl":{"start":{"line":152,"column":11},"end":{"line":152,"column":12}},"loc":{"start":{"line":152,"column":17},"end":{"line":154,"column":9}}},"20":{"name":"(anonymous_24)","decl":{"start":{"line":157,"column":4},"end":{"line":157,"column":22}},"loc":{"start":{"line":157,"column":27},"end":{"line":185,"column":5}}},"21":{"name":"(anonymous_25)","decl":{"start":{"line":159,"column":47},"end":{"line":159,"column":53}},"loc":{"start":{"line":159,"column":53},"end":{"line":183,"column":13}}},"22":{"name":"(anonymous_26)","decl":{"start":{"line":188,"column":4},"end":{"line":188,"column":15}},"loc":{"start":{"line":188,"column":24},"end":{"line":196,"column":5}}},"23":{"name":"(anonymous_27)","decl":{"start":{"line":190,"column":18},"end":{"line":190,"column":19}},"loc":{"start":{"line":190,"column":24},"end":{"line":192,"column":13}}},"24":{"name":"(anonymous_28)","decl":{"start":{"line":191,"column":43},"end":{"line":191,"column":47}},"loc":{"start":{"line":191,"column":47},"end":{"line":191,"column":55}}},"25":{"name":"(anonymous_29)","decl":{"start":{"line":193,"column":19},"end":{"line":193,"column":20}},"loc":{"start":{"line":193,"column":23},"end":{"line":195,"column":13}}},"26":{"name":"(anonymous_30)","decl":{"start":{"line":198,"column":4},"end":{"line":198,"column":12}},"loc":{"start":{"line":198,"column":22},"end":{"line":209,"column":5}}},"27":{"name":"(anonymous_31)","decl":{"start":{"line":200,"column":27},"end":{"line":200,"column":null}},"loc":{"start":{"line":200,"column":27},"end":{"line":207,"column":9}}},"28":{"name":"(anonymous_32)","decl":{"start":{"line":211,"column":4},"end":{"line":211,"column":10}},"loc":{"start":{"line":211,"column":44},"end":{"line":232,"column":null}}},"29":{"name":"(anonymous_35)","decl":{"start":{"line":219,"column":25},"end":{"line":219,"column":null}},"loc":{"start":{"line":219,"column":25},"end":{"line":221,"column":17}}},"30":{"name":"(anonymous_36)","decl":{"start":{"line":223,"column":23},"end":{"line":223,"column":24}},"loc":{"start":{"line":223,"column":37},"end":{"line":231,"column":13}}},"31":{"name":"(anonymous_37)","decl":{"start":{"line":234,"column":4},"end":{"line":234,"column":15}},"loc":{"start":{"line":234,"column":34},"end":{"line":248,"column":5}}},"32":{"name":"(anonymous_38)","decl":{"start":{"line":237,"column":43},"end":{"line":237,"column":49}},"loc":{"start":{"line":237,"column":49},"end":{"line":247,"column":9}}},"33":{"name":"(anonymous_39)","decl":{"start":{"line":239,"column":40},"end":{"line":239,"column":44}},"loc":{"start":{"line":239,"column":44},"end":{"line":239,"column":52}}},"34":{"name":"(anonymous_40)","decl":{"start":{"line":244,"column":66},"end":{"line":244,"column":69}},"loc":{"start":{"line":244,"column":69},"end":{"line":246,"column":13}}}},"branchMap":{"0":{"loc":{"start":{"line":60,"column":8},"end":{"line":72,"column":null}},"type":"if","locations":[{"start":{"line":60,"column":8},"end":{"line":72,"column":null}},{"start":{"line":60,"column":8},"end":{"line":72,"column":null}}]},"1":{"loc":{"start":{"line":62,"column":16},"end":{"line":70,"column":null}},"type":"if","locations":[{"start":{"line":62,"column":16},"end":{"line":70,"column":null}},{"start":{"line":62,"column":16},"end":{"line":70,"column":null}}]},"2":{"loc":{"start":{"line":76,"column":8},"end":{"line":81,"column":null}},"type":"if","locations":[{"start":{"line":76,"column":8},"end":{"line":81,"column":null}},{"start":{"line":76,"column":8},"end":{"line":81,"column":null}}]},"3":{"loc":{"start":{"line":85,"column":22},"end":{"line":89,"column":null}},"type":"switch","locations":[{"start":{"line":85,"column":22},"end":{"line":89,"column":null}}]},"4":{"loc":{"start":{"line":127,"column":12},"end":{"line":138,"column":null}},"type":"if","locations":[{"start":{"line":127,"column":12},"end":{"line":138,"column":null}},{"start":{"line":127,"column":12},"end":{"line":138,"column":null}}]},"5":{"loc":{"start":{"line":127,"column":16},"end":{"line":127,"column":43}},"type":"binary-expr","locations":[{"start":{"line":127,"column":16},"end":{"line":127,"column":43}},{"start":{"line":127,"column":47},"end":{"line":127,"column":104}}]},"6":{"loc":{"start":{"line":158,"column":8},"end":{"line":184,"column":null}},"type":"if","locations":[{"start":{"line":158,"column":8},"end":{"line":184,"column":null}},{"start":{"line":158,"column":8},"end":{"line":184,"column":null}}]},"7":{"loc":{"start":{"line":161,"column":16},"end":{"line":169,"column":null}},"type":"if","locations":[{"start":{"line":161,"column":16},"end":{"line":169,"column":null}},{"start":{"line":161,"column":16},"end":{"line":169,"column":null}}]},"8":{"loc":{"start":{"line":212,"column":24},"end":{"line":214,"column":null}},"type":"switch","locations":[{"start":{"line":212,"column":24},"end":{"line":214,"column":null}}]},"9":{"loc":{"start":{"line":224,"column":16},"end":{"line":230,"column":null}},"type":"if","locations":[{"start":{"line":224,"column":16},"end":{"line":230,"column":null}},{"start":{"line":224,"column":16},"end":{"line":230,"column":null}}]}},"s":{"0":1,"1":1,"2":1,"3":1,"4":1,"5":1,"6":1,"7":1,"8":1,"9":1,"10":1,"11":1,"12":1,"13":1,"14":1,"15":1,"16":1,"17":1,"18":1,"19":1,"20":1,"21":1,"22":1,"23":1,"24":1,"25":1,"26":1,"27":1,"28":1,"29":1,"30":1,"31":1,"32":1,"33":1,"34":1,"35":1,"36":1,"37":1,"38":0,"39":0,"40":0,"41":1,"42":1,"43":1,"44":1,"45":1,"46":1,"47":0,"48":0,"49":0,"50":0,"51":0,"52":0,"53":0,"54":1,"55":0,"56":0,"57":0,"58":0,"59":1,"60":0,"61":0,"62":0,"63":1,"64":0,"65":0,"66":0,"67":0,"68":0,"69":0,"70":1,"71":0,"72":0,"73":0,"74":0,"75":0,"76":0,"77":0,"78":0,"79":0,"80":0,"81":0,"82":1,"83":0,"84":0,"85":0,"86":1,"87":0,"88":0,"89":0,"90":0,"91":1,"92":0,"93":0,"94":0,"95":0,"96":0,"97":0,"98":0,"99":0,"100":0,"101":0,"102":0,"103":0,"104":0,"105":0,"106":1,"107":0,"108":0,"109":0,"110":0,"111":0,"112":1,"113":0,"114":0,"115":0,"116":0,"117":0,"118":0,"119":0,"120":0,"121":1,"122":0,"123":0,"124":0,"125":0,"126":0,"127":0,"128":0,"129":0,"130":0,"131":1,"132":0,"133":0,"134":0,"135":0,"136":0,"137":0,"138":0,"139":0,"140":0,"141":1,"142":1,"143":1,"144":1,"145":1,"146":1},"f":{"0":1,"1":1,"2":1,"3":1,"4":0,"5":0,"6":1,"7":1,"8":0,"9":0,"10":0,"11":0,"12":0,"13":0,"14":0,"15":0,"16":0,"17":0,"18":0,"19":0,"20":0,"21":0,"22":0,"23":0,"24":0,"25":0,"26":0,"27":0,"28":0,"29":0,"30":0,"31":0,"32":0,"33":0,"34":0},"b":{"0":[1,0],"1":[1,0],"2":[0,0],"3":[0],"4":[0,0],"5":[0,0],"6":[0,0],"7":[0,0],"8":[0],"9":[0,0]}}
,"/home/dalidos/Bureau/alsace/client/src/app/components/view-media/view-media.component.html": {"data":{"path":"/home/dalidos/Bureau/alsace/client/src/app/components/view-media/view-media.component.html","statementMap":{"0":{"start":{"line":1,"column":0},"end":{"line":1,"column":152}}},"fnMap":{},"branchMap":{},"s":{"0":2},"f":{},"b":{},"_coverageSchema":"43e27e138ebf9cfc5966b082cf9a028302ed4184","hash":"ce418404ea9b269ada7cd1a375b7efb88ab4a795"}}
,"/home/dalidos/Bureau/alsace/client/src/app/components/view-media/view-media.component.ts": {"path":"/home/dalidos/Bureau/alsace/client/src/app/components/view-media/view-media.component.ts","statementMap":{"0":{"start":{"line":1,"column":0},"end":{"line":1,"column":81}},"1":{"start":{"line":2,"column":0},"end":{"line":2,"column":47}},"2":{"start":{"line":3,"column":0},"end":{"line":3,"column":28}},"3":{"start":{"line":4,"column":0},"end":{"line":4,"column":58}},"4":{"start":{"line":11,"column":0},"end":{"line":11,"column":13}},"5":{"start":{"line":17,"column":22},"end":{"line":17,"column":39}},"6":{"start":{"line":18,"column":22},"end":{"line":18,"column":34}},"7":{"start":{"line":20,"column":2},"end":{"line":23,"column":null}},"8":{"start":{"line":21,"column":4},"end":{"line":21,"column":24}},"9":{"start":{"line":22,"column":4},"end":{"line":22,"column":25}},"10":{"start":{"line":25,"column":2},"end":{"line":28,"column":null}},"11":{"start":{"line":26,"column":19},"end":{"line":26,"column":75}},"12":{"start":{"line":27,"column":4},"end":{"line":27,"column":68}},"13":{"start":{"line":30,"column":2},"end":{"line":32,"column":null}},"14":{"start":{"line":31,"column":4},"end":{"line":31,"column":35}},"15":{"start":{"line":34,"column":2},"end":{"line":36,"column":null}},"16":{"start":{"line":35,"column":4},"end":{"line":35,"column":41}},"17":{"start":{"line":13,"column":11},"end":{"line":13,"column":null}},"18":{"start":{"line":14,"column":11},"end":{"line":14,"column":null}},"19":{"start":{"line":11,"column":13},"end":{"line":38,"column":null}},"20":{"start":{"line":38,"column":0},"end":{"line":38,"column":null}},"21":{"start":{"line":11,"column":13},"end":{"line":11,"column":31}}},"fnMap":{"0":{"name":"(anonymous_0)","decl":{"start":{"line":11,"column":0},"end":{"line":11,"column":13}},"loc":{"start":{"line":11,"column":0},"end":{"line":11,"column":13}}},"1":{"name":"ViewMediaComponent","decl":{"start":{"line":17,"column":2},"end":{"line":17,"column":22}},"loc":{"start":{"line":18,"column":44},"end":{"line":18,"column":49}}},"2":{"name":"(anonymous_2)","decl":{"start":{"line":20,"column":2},"end":{"line":20,"column":10}},"loc":{"start":{"line":20,"column":2},"end":{"line":23,"column":3}}},"3":{"name":"(anonymous_3)","decl":{"start":{"line":25,"column":2},"end":{"line":25,"column":15}},"loc":{"start":{"line":25,"column":2},"end":{"line":28,"column":3}}},"4":{"name":"(anonymous_4)","decl":{"start":{"line":30,"column":2},"end":{"line":30,"column":16}},"loc":{"start":{"line":30,"column":2},"end":{"line":32,"column":3}}},"5":{"name":"(anonymous_5)","decl":{"start":{"line":34,"column":2},"end":{"line":34,"column":14}},"loc":{"start":{"line":34,"column":2},"end":{"line":36,"column":3}}}},"branchMap":{},"s":{"0":2,"1":2,"2":2,"3":2,"4":2,"5":1,"6":1,"7":2,"8":1,"9":1,"10":2,"11":1,"12":1,"13":2,"14":0,"15":2,"16":1,"17":2,"18":2,"19":2,"20":2,"21":2},"f":{"0":2,"1":1,"2":1,"3":1,"4":0,"5":1},"b":{}}
,"/home/dalidos/Bureau/alsace/client/src/app/pages/application/application.page.html": {"data":{"path":"/home/dalidos/Bureau/alsace/client/src/app/pages/application/application.page.html","statementMap":{"0":{"start":{"line":1,"column":0},"end":{"line":1,"column":2839}}},"fnMap":{},"branchMap":{},"s":{"0":1},"f":{},"b":{},"_coverageSchema":"43e27e138ebf9cfc5966b082cf9a028302ed4184","hash":"e69a29c0a756313a8a826a8d582b72ba3f682edd"}}
,"/home/dalidos/Bureau/alsace/client/src/app/pages/application/application.page.ts": {"path":"/home/dalidos/Bureau/alsace/client/src/app/pages/application/application.page.ts","statementMap":{"0":{"start":{"line":1,"column":0},"end":{"line":1,"column":50}},"1":{"start":{"line":8,"column":0},"end":{"line":8,"column":13}},"2":{"start":{"line":12,"column":2},"end":{"line":13,"column":null}},"3":{"start":{"line":18,"column":4},"end":{"line":19,"column":null}},"4":{"start":{"line":8,"column":13},"end":{"line":20,"column":null}},"5":{"start":{"line":20,"column":0},"end":{"line":20,"column":null}},"6":{"start":{"line":8,"column":13},"end":{"line":8,"column":28}}},"fnMap":{"0":{"name":"(anonymous_0)","decl":{"start":{"line":8,"column":0},"end":{"line":8,"column":13}},"loc":{"start":{"line":8,"column":0},"end":{"line":8,"column":13}}},"1":{"name":"ApplicationPage","decl":{"start":{"line":10,"column":2},"end":{"line":10,"column":18}},"loc":{"start":{"line":10,"column":2},"end":{"line":10,"column":19}}},"2":{"name":"(anonymous_2)","decl":{"start":{"line":12,"column":2},"end":{"line":12,"column":10}},"loc":{"start":{"line":12,"column":2},"end":{"line":13,"column":3}}},"3":{"name":"(anonymous_3)","decl":{"start":{"line":18,"column":4},"end":{"line":18,"column":20}},"loc":{"start":{"line":18,"column":4},"end":{"line":19,"column":5}}}},"branchMap":{},"s":{"0":1,"1":1,"2":1,"3":1,"4":1,"5":1,"6":1},"f":{"0":1,"1":1,"2":1,"3":0},"b":{}}
,"/home/dalidos/Bureau/alsace/client/src/app/pages/association/association.page.html": {"data":{"path":"/home/dalidos/Bureau/alsace/client/src/app/pages/association/association.page.html","statementMap":{"0":{"start":{"line":1,"column":0},"end":{"line":1,"column":2068}}},"fnMap":{},"branchMap":{},"s":{"0":1},"f":{},"b":{},"_coverageSchema":"43e27e138ebf9cfc5966b082cf9a028302ed4184","hash":"b1406059560431260b4deca6fcdb55e0383ab8ec"}}
,"/home/dalidos/Bureau/alsace/client/src/app/pages/association/association.page.ts": {"path":"/home/dalidos/Bureau/alsace/client/src/app/pages/association/association.page.ts","statementMap":{"0":{"start":{"line":1,"column":0},"end":{"line":1,"column":50}},"1":{"start":{"line":8,"column":0},"end":{"line":8,"column":13}},"2":{"start":{"line":12,"column":2},"end":{"line":13,"column":null}},"3":{"start":{"line":18,"column":4},"end":{"line":19,"column":null}},"4":{"start":{"line":8,"column":13},"end":{"line":21,"column":null}},"5":{"start":{"line":21,"column":0},"end":{"line":21,"column":null}},"6":{"start":{"line":8,"column":13},"end":{"line":8,"column":28}}},"fnMap":{"0":{"name":"(anonymous_0)","decl":{"start":{"line":8,"column":0},"end":{"line":8,"column":13}},"loc":{"start":{"line":8,"column":0},"end":{"line":8,"column":13}}},"1":{"name":"AssociationPage","decl":{"start":{"line":10,"column":2},"end":{"line":10,"column":18}},"loc":{"start":{"line":10,"column":2},"end":{"line":10,"column":19}}},"2":{"name":"(anonymous_2)","decl":{"start":{"line":12,"column":2},"end":{"line":12,"column":10}},"loc":{"start":{"line":12,"column":2},"end":{"line":13,"column":3}}},"3":{"name":"(anonymous_3)","decl":{"start":{"line":18,"column":4},"end":{"line":18,"column":20}},"loc":{"start":{"line":18,"column":4},"end":{"line":19,"column":5}}}},"branchMap":{},"s":{"0":1,"1":1,"2":1,"3":1,"4":1,"5":1,"6":1},"f":{"0":1,"1":1,"2":1,"3":0},"b":{}}
,"/home/dalidos/Bureau/alsace/client/src/app/pages/contact/contact.page.html": {"data":{"path":"/home/dalidos/Bureau/alsace/client/src/app/pages/contact/contact.page.html","statementMap":{"0":{"start":{"line":1,"column":0},"end":{"line":1,"column":701}}},"fnMap":{},"branchMap":{},"s":{"0":1},"f":{},"b":{},"_coverageSchema":"43e27e138ebf9cfc5966b082cf9a028302ed4184","hash":"d59706f06183182d6d61b57712227e7730a5b621"}}
,"/home/dalidos/Bureau/alsace/client/src/app/pages/contact/contact.page.ts": {"path":"/home/dalidos/Bureau/alsace/client/src/app/pages/contact/contact.page.ts","statementMap":{"0":{"start":{"line":1,"column":0},"end":{"line":1,"column":50}},"1":{"start":{"line":8,"column":0},"end":{"line":8,"column":13}},"2":{"start":{"line":12,"column":2},"end":{"line":13,"column":null}},"3":{"start":{"line":18,"column":4},"end":{"line":19,"column":null}},"4":{"start":{"line":8,"column":13},"end":{"line":21,"column":null}},"5":{"start":{"line":21,"column":0},"end":{"line":21,"column":null}},"6":{"start":{"line":8,"column":13},"end":{"line":8,"column":24}}},"fnMap":{"0":{"name":"(anonymous_0)","decl":{"start":{"line":8,"column":0},"end":{"line":8,"column":13}},"loc":{"start":{"line":8,"column":0},"end":{"line":8,"column":13}}},"1":{"name":"ContactPage","decl":{"start":{"line":10,"column":2},"end":{"line":10,"column":18}},"loc":{"start":{"line":10,"column":2},"end":{"line":10,"column":19}}},"2":{"name":"(anonymous_2)","decl":{"start":{"line":12,"column":2},"end":{"line":12,"column":10}},"loc":{"start":{"line":12,"column":2},"end":{"line":13,"column":3}}},"3":{"name":"(anonymous_3)","decl":{"start":{"line":18,"column":4},"end":{"line":18,"column":20}},"loc":{"start":{"line":18,"column":4},"end":{"line":19,"column":5}}}},"branchMap":{},"s":{"0":1,"1":1,"2":1,"3":1,"4":1,"5":1,"6":1},"f":{"0":1,"1":1,"2":1,"3":0},"b":{}}
,"/home/dalidos/Bureau/alsace/client/src/app/pages/home/home.page.html": {"data":{"path":"/home/dalidos/Bureau/alsace/client/src/app/pages/home/home.page.html","statementMap":{"0":{"start":{"line":1,"column":0},"end":{"line":1,"column":2026}}},"fnMap":{},"branchMap":{},"s":{"0":1},"f":{},"b":{},"_coverageSchema":"43e27e138ebf9cfc5966b082cf9a028302ed4184","hash":"0175f718fcde4c4513b626e6b3b1c1e34590f188"}}
,"/home/dalidos/Bureau/alsace/client/src/app/pages/home/home.page.ts": {"path":"/home/dalidos/Bureau/alsace/client/src/app/pages/home/home.page.ts","statementMap":{"0":{"start":{"line":1,"column":0},"end":{"line":1,"column":59}},"1":{"start":{"line":2,"column":0},"end":{"line":2,"column":58}},"2":{"start":{"line":3,"column":0},"end":{"line":3,"column":87}},"3":{"start":{"line":4,"column":0},"end":{"line":4,"column":73}},"4":{"start":{"line":12,"column":0},"end":{"line":12,"column":13}},"5":{"start":{"line":18,"column":23},"end":{"line":18,"column":35}},"6":{"start":{"line":19,"column":24},"end":{"line":19,"column":32}},"7":{"start":{"line":20,"column":24},"end":{"line":20,"column":39}},"8":{"start":{"line":23,"column":4},"end":{"line":26,"column":null}},"9":{"start":{"line":25,"column":8},"end":{"line":25,"column":33}},"10":{"start":{"line":31,"column":4},"end":{"line":35,"column":null}},"11":{"start":{"line":31,"column":4},"end":{"line":31,"column":21}},"12":{"start":{"line":32,"column":8},"end":{"line":34,"column":11}},"13":{"start":{"line":33,"column":12},"end":{"line":33,"column":65}},"14":{"start":{"line":40,"column":4},"end":{"line":47,"column":null}},"15":{"start":{"line":41,"column":24},"end":{"line":43,"column":10}},"16":{"start":{"line":44,"column":8},"end":{"line":46,"column":12}},"17":{"start":{"line":45,"column":12},"end":{"line":45,"column":29}},"18":{"start":{"line":49,"column":4},"end":{"line":51,"column":null}},"19":{"start":{"line":50,"column":8},"end":{"line":50,"column":46}},"20":{"start":{"line":12,"column":13},"end":{"line":52,"column":null}},"21":{"start":{"line":52,"column":0},"end":{"line":52,"column":null}},"22":{"start":{"line":12,"column":13},"end":{"line":12,"column":21}}},"fnMap":{"0":{"name":"(anonymous_0)","decl":{"start":{"line":12,"column":0},"end":{"line":12,"column":13}},"loc":{"start":{"line":12,"column":0},"end":{"line":12,"column":13}}},"1":{"name":"HomePage","decl":{"start":{"line":18,"column":4},"end":{"line":18,"column":23}},"loc":{"start":{"line":20,"column":54},"end":{"line":21,"column":5}}},"2":{"name":"(anonymous_2)","decl":{"start":{"line":23,"column":4},"end":{"line":23,"column":12}},"loc":{"start":{"line":23,"column":4},"end":{"line":26,"column":5}}},"3":{"name":"(anonymous_3)","decl":{"start":{"line":31,"column":4},"end":{"line":31,"column":21}},"loc":{"start":{"line":31,"column":4},"end":{"line":35,"column":5}}},"4":{"name":"(anonymous_4)","decl":{"start":{"line":32,"column":78},"end":{"line":32,"column":null}},"loc":{"start":{"line":32,"column":78},"end":{"line":34,"column":9}}},"5":{"name":"(anonymous_5)","decl":{"start":{"line":40,"column":4},"end":{"line":40,"column":10}},"loc":{"start":{"line":40,"column":4},"end":{"line":47,"column":5}}},"6":{"name":"(anonymous_6)","decl":{"start":{"line":44,"column":50},"end":{"line":44,"column":51}},"loc":{"start":{"line":44,"column":54},"end":{"line":46,"column":9}}},"7":{"name":"(anonymous_7)","decl":{"start":{"line":49,"column":4},"end":{"line":49,"column":15}},"loc":{"start":{"line":49,"column":4},"end":{"line":51,"column":5}}}},"branchMap":{},"s":{"0":1,"1":1,"2":1,"3":1,"4":1,"5":1,"6":1,"7":1,"8":1,"9":1,"10":1,"11":1,"12":1,"13":0,"14":1,"15":0,"16":0,"17":0,"18":1,"19":0,"20":1,"21":1,"22":1},"f":{"0":1,"1":1,"2":1,"3":1,"4":0,"5":0,"6":0,"7":0},"b":{}}
,"/home/dalidos/Bureau/alsace/client/src/app/pages/house-card/house-card.page.html": {"data":{"path":"/home/dalidos/Bureau/alsace/client/src/app/pages/house-card/house-card.page.html","statementMap":{"0":{"start":{"line":1,"column":0},"end":{"line":1,"column":2249}}},"fnMap":{},"branchMap":{},"s":{"0":1},"f":{},"b":{},"_coverageSchema":"43e27e138ebf9cfc5966b082cf9a028302ed4184","hash":"20b63b9edd7d342f431cfff2bafc3d03e44209f5"}}
,"/home/dalidos/Bureau/alsace/client/src/app/pages/house-card/house-card.page.ts": {"path":"/home/dalidos/Bureau/alsace/client/src/app/pages/house-card/house-card.page.ts","statementMap":{"0":{"start":{"line":1,"column":0},"end":{"line":1,"column":59}},"1":{"start":{"line":2,"column":0},"end":{"line":2,"column":47}},"2":{"start":{"line":3,"column":0},"end":{"line":3,"column":42}},"3":{"start":{"line":4,"column":0},"end":{"line":4,"column":28}},"4":{"start":{"line":5,"column":0},"end":{"line":5,"column":58}},"5":{"start":{"line":6,"column":0},"end":{"line":6,"column":61}},"6":{"start":{"line":13,"column":0},"end":{"line":13,"column":13}},"7":{"start":{"line":25,"column":22},"end":{"line":25,"column":29}},"8":{"start":{"line":26,"column":22},"end":{"line":26,"column":34}},"9":{"start":{"line":27,"column":22},"end":{"line":27,"column":35}},"10":{"start":{"line":18,"column":4},"end":{"line":18,"column":12}},"11":{"start":{"line":23,"column":2},"end":{"line":23,"column":25}},"12":{"start":{"line":30,"column":2},"end":{"line":31,"column":null}},"13":{"start":{"line":38,"column":4},"end":{"line":43,"column":null}},"14":{"start":{"line":39,"column":8},"end":{"line":39,"column":22}},"15":{"start":{"line":40,"column":8},"end":{"line":40,"column":59}},"16":{"start":{"line":41,"column":8},"end":{"line":41,"column":26}},"17":{"start":{"line":42,"column":8},"end":{"line":42,"column":19}},"18":{"start":{"line":49,"column":4},"end":{"line":59,"column":null}},"19":{"start":{"line":49,"column":4},"end":{"line":49,"column":14}},"20":{"start":{"line":50,"column":24},"end":{"line":53,"column":10}},"21":{"start":{"line":54,"column":8},"end":{"line":58,"column":7}},"22":{"start":{"line":55,"column":8},"end":{"line":55,"column":39}},"23":{"start":{"line":56,"column":8},"end":{"line":56,"column":39}},"24":{"start":{"line":64,"column":4},"end":{"line":70,"column":null}},"25":{"start":{"line":64,"column":4},"end":{"line":64,"column":25}},"26":{"start":{"line":65,"column":8},"end":{"line":65,"column":51}},"27":{"start":{"line":66,"column":31},"end":{"line":66,"column":65}},"28":{"start":{"line":67,"column":8},"end":{"line":69,"column":
[...]
"column":6},"end":{"line":62,"column":31}},"30":{"start":{"line":63,"column":6},"end":{"line":63,"column":32}},"31":{"start":{"line":70,"column":12},"end":{"line":77,"column":null}},"32":{"start":{"line":70,"column":4},"end":{"line":70,"column":12}},"33":{"start":{"line":71,"column":8},"end":{"line":71,"column":42}},"34":{"start":{"line":72,"column":8},"end":{"line":76,"column":11}},"35":{"start":{"line":73,"column":12},"end":{"line":73,"column":36}},"36":{"start":{"line":74,"column":12},"end":{"line":74,"column":30}},"37":{"start":{"line":75,"column":12},"end":{"line":75,"column":31}},"38":{"start":{"line":82,"column":12},"end":{"line":91,"column":null}},"39":{"start":{"line":83,"column":8},"end":{"line":90,"column":null}},"40":{"start":{"line":84,"column":12},"end":{"line":84,"column":57}},"41":{"start":{"line":85,"column":12},"end":{"line":89,"column":null}},"42":{"start":{"line":86,"column":16},"end":{"line":86,"column":68}},"43":{"start":{"line":88,"column":16},"end":{"line":88,"column":50}},"44":{"start":{"line":96,"column":12},"end":{"line":106,"column":null}},"45":{"start":{"line":96,"column":4},"end":{"line":96,"column":12}},"46":{"start":{"line":97,"column":8},"end":{"line":105,"column":15}},"47":{"start":{"line":99,"column":16},"end":{"line":104,"column":null}},"48":{"start":{"line":100,"column":20},"end":{"line":100,"column":41}},"49":{"start":{"line":101,"column":20},"end":{"line":101,"column":39}},"50":{"start":{"line":103,"column":20},"end":{"line":103,"column":40}},"51":{"start":{"line":111,"column":12},"end":{"line":113,"column":null}},"52":{"start":{"line":112,"column":8},"end":{"line":112,"column":59}},"53":{"start":{"line":10,"column":13},"end":{"line":115,"column":null}},"54":{"start":{"line":115,"column":0},"end":{"line":115,"column":null}},"55":{"start":{"line":10,"column":13},"end":{"line":10,"column":28}}},"fnMap":{"0":{"name":"(anonymous_0)","decl":{"start":{"line":10,"column":0},"end":{"line":10,"column":13}},"loc":{"start":{"line":10,"column":0},"end":{"line":10,"column":13}}},"1":{"name":"LanguageService","decl":{"start":{"line":16,"column":2},"end":{"line":16,"column":22}},"loc":{"start":{"line":18,"column":38},"end":{"line":25,"column":3}}},"2":{"name":"(anonymous_2)","decl":{"start":{"line":22,"column":16},"end":{"line":22,"column":null}},"loc":{"start":{"line":22,"column":16},"end":{"line":24,"column":11}}},"3":{"name":"(anonymous_3)","decl":{"start":{"line":31,"column":4},"end":{"line":31,"column":11}},"loc":{"start":{"line":31,"column":4},"end":{"line":36,"column":5}}},"4":{"name":"(anonymous_4)","decl":{"start":{"line":32,"column":28},"end":{"line":32,"column":29}},"loc":{"start":{"line":32,"column":32},"end":{"line":35,"column":7}}},"5":{"name":"(anonymous_5)","decl":{"start":{"line":41,"column":4},"end":{"line":41,"column":14}},"loc":{"start":{"line":41,"column":4},"end":{"line":45,"column":5}}},"6":{"name":"(anonymous_6)","decl":{"start":{"line":42,"column":19},"end":{"line":42,"column":null}},"loc":{"start":{"line":42,"column":19},"end":{"line":44,"column":9}}},"7":{"name":"(anonymous_7)","decl":{"start":{"line":51,"column":4},"end":{"line":51,"column":12}},"loc":{"start":{"line":51,"column":43},"end":{"line":55,"column":5}}},"8":{"name":"(anonymous_8)","decl":{"start":{"line":52,"column":19},"end":{"line":52,"column":null}},"loc":{"start":{"line":52,"column":19},"end":{"line":54,"column":9}}},"9":{"name":"(anonymous_9)","decl":{"start":{"line":61,"column":4},"end":{"line":61,"column":11}},"loc":{"start":{"line":61,"column":42},"end":{"line":64,"column":5}}},"10":{"name":"(anonymous_10)","decl":{"start":{"line":70,"column":4},"end":{"line":70,"column":12}},"loc":{"start":{"line":70,"column":4},"end":{"line":77,"column":5}}},"11":{"name":"(anonymous_11)","decl":{"start":{"line":72,"column":29},"end":{"line":72,"column":30}},"loc":{"start":{"line":72,"column":33},"end":{"line":76,"column":9}}},"12":{"name":"(anonymous_12)","decl":{"start":{"line":82,"column":4},"end":{"line":82,"column":12}},"loc":{"start":{"line":82,"column":4},"end":{"line":91,"column":5}}},"13":{"name":"(anonymous_13)","decl":{"start":{"line":96,"column":4},"end":{"line":96,"column":12}},"loc":{"start":{"line":96,"column":4},"end":{"line":106,"column":5}}},"14":{"name":"(anonymous_14)","decl":{"start":{"line":98,"column":18},"end":{"line":98,"column":19}},"loc":{"start":{"line":98,"column":22},"end":{"line":105,"column":13}}},"15":{"name":"(anonymous_15)","decl":{"start":{"line":111,"column":4},"end":{"line":111,"column":12}},"loc":{"start":{"line":111,"column":4},"end":{"line":113,"column":5}}}},"branchMap":{"0":{"loc":{"start":{"line":83,"column":8},"end":{"line":90,"column":null}},"type":"if","locations":[{"start":{"line":83,"column":8},"end":{"line":90,"column":null}},{"start":{"line":83,"column":8},"end":{"line":90,"column":null}}]},"1":{"loc":{"start":{"line":85,"column":12},"end":{"line":89,"column":null}},"type":"if","locations":[{"start":{"line":85,"column":12},"end":{"line":89,"column":null}},{"start":{"line":85,"column":12},"end":{"line":89,"column":null}}]},"2":{"loc":{"start":{"line":99,"column":16},"end":{"line":104,"column":null}},"type":"if","locations":[{"start":{"line":99,"column":16},"end":{"line":104,"column":null}},{"start":{"line":99,"column":16},"end":{"line":104,"column":null}}]}},"s":{"0":3,"1":3,"2":3,"3":3,"4":3,"5":3,"6":2,"7":2,"8":2,"9":2,"10":2,"11":2,"12":2,"13":2,"14":2,"15":3,"16":0,"17":0,"18":0,"19":0,"20":3,"21":0,"22":0,"23":0,"24":3,"25":0,"26":0,"27":0,"28":3,"29":0,"30":0,"31":3,"32":0,"33":0,"34":0,"35":0,"36":0,"37":0,"38":3,"39":2,"40":0,"41":0,"42":0,"43":0,"44":3,"45":2,"46":2,"47":2,"48":0,"49":0,"50":2,"51":3,"52":0,"53":3,"54":3,"55":3},"f":{"0":3,"1":2,"2":2,"3":0,"4":0,"5":0,"6":0,"7":0,"8":0,"9":0,"10":0,"11":0,"12":2,"13":2,"14":2,"15":0},"b":{"0":[0,2],"1":[0,0],"2":[0,2]}}
,"/home/dalidos/Bureau/alsace/client/src/app/services/map/map.service.ts": {"path":"/home/dalidos/Bureau/alsace/client/src/app/services/map/map.service.ts","statementMap":{"0":{"start":{"line":1,"column":0},"end":{"line":1,"column":43}},"1":{"start":{"line":2,"column":0},"end":{"line":2,"column":45}},"2":{"start":{"line":3,"column":0},"end":{"line":3,"column":29}},"3":{"start":{"line":5,"column":0},"end":{"line":5,"column":46}},"4":{"start":{"line":10,"column":0},"end":{"line":10,"column":13}},"5":{"start":{"line":39,"column":24},"end":{"line":39,"column":36}},"6":{"start":{"line":13,"column":11},"end":{"line":13,"column":21}},"7":{"start":{"line":14,"column":12},"end":{"line":17,"column":6}},"8":{"start":{"line":18,"column":11},"end":{"line":23,"column":7}},"9":{"start":{"line":24,"column":11},"end":{"line":29,"column":7}},"10":{"start":{"line":30,"column":11},"end":{"line":35,"column":7}},"11":{"start":{"line":36,"column":11},"end":{"line":36,"column":51}},"12":{"start":{"line":37,"column":11},"end":{"line":37,"column":49}},"13":{"start":{"line":44,"column":11},"end":{"line":46,"column":null}},"14":{"start":{"line":45,"column":8},"end":{"line":45,"column":39}},"15":{"start":{"line":53,"column":11},"end":{"line":55,"column":null}},"16":{"start":{"line":54,"column":8},"end":{"line":54,"column":47}},"17":{"start":{"line":62,"column":11},"end":{"line":75,"column":null}},"18":{"start":{"line":63,"column":24},"end":{"line":66,"column":10}},"19":{"start":{"line":67,"column":8},"end":{"line":74,"column":11}},"20":{"start":{"line":68,"column":26},"end":{"line":72,"column":14}},"21":{"start":{"line":73,"column":12},"end":{"line":73,"column":29}},"22":{"start":{"line":81,"column":11},"end":{"line":84,"column":null}},"23":{"start":{"line":82,"column":8},"end":{"line":82,"column":24}},"24":{"start":{"line":83,"column":8},"end":{"line":83,"column":30}},"25":{"start":{"line":89,"column":11},"end":{"line":101,"column":null}},"26":{"start":{"line":89,"column":4},"end":{"line":89,"column":11}},"27":{"start":{"line":90,"column":26},"end":{"line":90,"column":45}},"28":{"start":{"line":92,"column":8},"end":{"line":100,"column":16}},"29":{"start":{"line":93,"column":12},"end":{"line":93,"column":null}},"30":{"start":{"line":93,"column":24},"end":{"line":93,"column":34}},"31":{"start":{"line":94,"column":12},"end":{"line":94,"column":101}},"32":{"start":{"line":95,"column":12},"end":{"line":97,"column":31}},"33":{"start":{"line":99,"column":12},"end":{"line":99,"column":32}},"34":{"start":{"line":107,"column":11},"end":{"line":111,"column":null}},"35":{"start":{"line":108,"column":8},"end":{"line":110,"column":11}},"36":{"start":{"line":109,"column":12},"end":{"line":109,"column":50}},"37":{"start":{"line":116,"column":11},"end":{"line":120,"column":null}},"38":{"start":{"line":117,"column":8},"end":{"line":119,"column":null}},"39":{"start":{"line":118,"column":12},"end":{"line":118,"column":30}},"40":{"start":{"line":10,"column":13},"end":{"line":121,"column":null}},"41":{"start":{"line":121,"column":0},"end":{"line":121,"column":null}},"42":{"start":{"line":10,"column":13},"end":{"line":10,"column":23}}},"fnMap":{"0":{"name":"(anonymous_0)","decl":{"start":{"line":10,"column":0},"end":{"line":10,"column":13}},"loc":{"start":{"line":10,"column":0},"end":{"line":10,"column":13}}},"1":{"name":"MapService","decl":{"start":{"line":39,"column":4},"end":{"line":39,"column":24}},"loc":{"start":{"line":39,"column":46},"end":{"line":39,"column":52}}},"2":{"name":"(anonymous_2)","decl":{"start":{"line":44,"column":4},"end":{"line":44,"column":11}},"loc":{"start":{"line":44,"column":4},"end":{"line":46,"column":5}}},"3":{"name":"(anonymous_3)","decl":{"start":{"line":53,"column":4},"end":{"line":53,"column":11}},"loc":{"start":{"line":53,"column":49},"end":{"line":55,"column":5}}},"4":{"name":"(anonymous_4)","decl":{"start":{"line":62,"column":4},"end":{"line":62,"column":11}},"loc":{"start":{"line":62,"column":41},"end":{"line":75,"column":5}}},"5":{"name":"(anonymous_5)","decl":{"start":{"line":67,"column":50},"end":{"line":67,"column":51}},"loc":{"start":{"line":67,"column":64},"end":{"line":74,"column":9}}},"6":{"name":"(anonymous_6)","decl":{"start":{"line":81,"column":4},"end":{"line":81,"column":11}},"loc":{"start":{"line":81,"column":27},"end":{"line":84,"column":5}}},"7":{"name":"(anonymous_7)","decl":{"start":{"line":89,"column":4},"end":{"line":89,"column":11}},"loc":{"start":{"line":89,"column":32},"end":{"line":101,"column":5}}},"8":{"name":"(anonymous_8)","decl":{"start":{"line":92,"column":19},"end":{"line":92,"column":null}},"loc":{"start":{"line":92,"column":19},"end":{"line":100,"column":9}}},"9":{"name":"(anonymous_9)","decl":{"start":{"line":107,"column":4},"end":{"line":107,"column":11}},"loc":{"start":{"line":107,"column":65},"end":{"line":111,"column":5}}},"10":{"name":"(anonymous_10)","decl":{"start":{"line":108,"column":29},"end":{"line":108,"column":30}},"loc":{"start":{"line":108,"column":31},"end":{"line":110,"column":9}}},"11":{"name":"(anonymous_11)","decl":{"start":{"line":116,"column":4},"end":{"line":116,"column":11}},"loc":{"start":{"line":116,"column":4},"end":{"line":120,"column":5}}}},"branchMap":{"0":{"loc":{"start":{"line":93,"column":12},"end":{"line":93,"column":null}},"type":"if","locations":[{"start":{"line":93,"column":12},"end":{"line":93,"column":null}},{"start":{"line":93,"column":12},"end":{"line":93,"column":null}}]},"1":{"loc":{"start":{"line":117,"column":8},"end":{"line":119,"column":null}},"type":"if","locations":[{"start":{"line":117,"column":8},"end":{"line":119,"column":null}},{"start":{"line":117,"column":8},"end":{"line":119,"column":null}}]}},"s":{"0":4,"1":4,"2":4,"3":4,"4":4,"5":4,"6":4,"7":4,"8":4,"9":4,"10":4,"11":4,"12":4,"13":4,"14":0,"15":4,"16":0,"17":4,"18":0,"19":0,"20":0,"21":0,"22":4,"23":1,"24":1,"25":4,"26":1,"27":1,"28":1,"29":0,"30":0,"31":0,"32":0,"33":0,"34":4,"35":0,"36":0,"37":4,"38":0,"39":0,"40":4,"41":4,"42":4},"f":{"0":4,"1":4,"2":0,"3":0,"4":0,"5":0,"6":1,"7":1,"8":0,"9":0,"10":0,"11":0},"b":{"0":[0,0],"1":[0,0]}}
,"/home/dalidos/Bureau/alsace/client/src/app/services/upload/upload.service.ts": {"path":"/home/dalidos/Bureau/alsace/client/src/app/services/upload/upload.service.ts","statementMap":{"0":{"start":{"line":1,"column":0},"end":{"line":1,"column":43}},"1":{"start":{"line":2,"column":0},"end":{"line":2,"column":45}},"2":{"start":{"line":3,"column":0},"end":{"line":3,"column":29}},"3":{"start":{"line":4,"column":0},"end":{"line":4,"column":46}},"4":{"start":{"line":9,"column":0},"end":{"line":9,"column":13}},"5":{"start":{"line":17,"column":22},"end":{"line":17,"column":34}},"6":{"start":{"line":11,"column":10},"end":{"line":11,"column":41}},"7":{"start":{"line":13,"column":9},"end":{"line":13,"column":109}},"8":{"start":{"line":14,"column":10},"end":{"line":14,"column":22}},"9":{"start":{"line":15,"column":9},"end":{"line":15,"column":49}},"10":{"start":{"line":18,"column":4},"end":{"line":18,"column":24}},"11":{"start":{"line":21,"column":2},"end":{"line":23,"column":null}},"12":{"start":{"line":22,"column":4},"end":{"line":22,"column":41}},"13":{"start":{"line":25,"column":2},"end":{"line":27,"column":null}},"14":{"start":{"line":26,"column":6},"end":{"line":26,"column":34}},"15":{"start":{"line":33,"column":2},"end":{"line":39,"column":null}},"16":{"start":{"line":34,"column":4},"end":{"line":38,"column":6}},"17":{"start":{"line":35,"column":6},"end":{"line":35,"column":35}},"18":{"start":{"line":36,"column":28},"end":{"line":36,"column":65}},"19":{"start":{"line":37,"column":6},"end":{"line":37,"column":48}},"20":{"start":{"line":45,"column":2},"end":{"line":54,"column":null}},"21":{"start":{"line":45,"column":2},"end":{"line":45,"column":15}},"22":{"start":{"line":46,"column":4},"end":{"line":53,"column":6}},"23":{"start":{"line":47,"column":6},"end":{"line":52,"column":null}},"24":{"start":{"line":49,"column":29},"end":{"line":49,"column":198}},"25":{"start":{"line":50,"column":8},"end":{"line":50,"column":34}},"26":{"start":{"line":51,"column":8},"end":{"line":51,"column":38}},"27":{"start":{"line":59,"column":2},"end":{"line":67,"column":null}},"28":{"start":{"line":60,"column":4},"end":{"line":65,"column":7}},"29":{"start":{"line":9,"column":13},"end":{"line":68,"column":null}},"30":{"start":{"line":68,"column":0},"end":{"line":68,"column":null}},"31":{"start":{"line":9,"column":13},"end":{"line":9,"column":26}}},"fnMap":{"0":{"name":"(anonymous_0)","decl":{"start":{"line":9,"column":0},"end":{"line":9,"column":13}},"loc":{"start":{"line":9,"column":0},"end":{"line":9,"column":13}}},"1":{"name":"UploadService","decl":{"start":{"line":17,"column":2},"end":{"line":17,"column":22}},"loc":{"start":{"line":17,"column":44},"end":{"line":19,"column":3}}},"2":{"name":"(anonymous_2)","decl":{"start":{"line":21,"column":2},"end":{"line":21,"column":14}},"loc":{"start":{"line":21,"column":2},"end":{"line":23,"column":3}}},"3":{"name":"(anonymous_3)","decl":{"start":{"line":25,"column":2},"end":{"line":25,"column":14}},"loc":{"start":{"line":25,"column":2},"end":{"line":27,"column":3}}},"4":{"name":"(anonymous_4)","decl":{"start":{"line":33,"column":2},"end":{"line":33,"column":13}},"loc":{"start":{"line":33,"column":22},"end":{"line":39,"column":3}}},"5":{"name":"(anonymous_5)","decl":{"start":{"line":34,"column":39},"end":{"line":34,"column":40}},"loc":{"start":{"line":34,"column":44},"end":{"line":38,"column":5}}},"6":{"name":"(anonymous_6)","decl":{"start":{"line":45,"column":2},"end":{"line":45,"column":15}},"loc":{"start":{"line":45,"column":24},"end":{"line":54,"column":3}}},"7":{"name":"(anonymous_7)","decl":{"start":{"line":46,"column":43},"end":{"line":46,"column":44}},"loc":{"start":{"line":46,"column":56},"end":{"line":53,"column":5}}},"8":{"name":"(anonymous_8)","decl":{"start":{"line":59,"column":2},"end":{"line":59,"column":12}},"loc":{"start":{"line":59,"column":2},"end":{"line":67,"column":3}}}},"branchMap":{"0":{"loc":{"start":{"line":47,"column":6},"end":{"line":52,"column":null}},"type":"if","locations":[{"start":{"line":47,"column":6},"end":{"line":52,"column":null}},{"start":{"line":47,"column":6},"end":{"line":52,"column":null}}]}},"s":{"0":4,"1":4,"2":4,"3":4,"4":4,"5":4,"6":4,"7":4,"8":4,"9":4,"10":4,"11":4,"12":4,"13":4,"14":0,"15":4,"16":0,"17":0,"18":0,"19":0,"20":4,"21":1,"22":1,"23":0,"24":0,"25":0,"26":0,"27":4,"28":1,"29":4,"30":4,"31":4},"f":{"0":4,"1":4,"2":4,"3":0,"4":0,"5":0,"6":1,"7":0,"8":1},"b":{"0":[0,0]}}
,"/home/dalidos/Bureau/alsace/client/src/app/services/user/user.service.ts": {"path":"/home/dalidos/Bureau/alsace/client/src/app/services/user/user.service.ts","statementMap":{"0":{"start":{"line":1,"column":0},"end":{"line":1,"column":43}},"1":{"start":{"line":2,"column":0},"end":{"line":2,"column":39}},"2":{"start":{"line":3,"column":0},"end":{"line":3,"column":29}},"3":{"start":{"line":8,"column":0},"end":{"line":8,"column":13}},"4":{"start":{"line":13,"column":22},"end":{"line":13,"column":31}},"5":{"start":{"line":10,"column":11},"end":{"line":10,"column":49}},"6":{"start":{"line":11,"column":12},"end":{"line":11,"column":26}},"7":{"start":{"line":19,"column":9},"end":{"line":24,"column":null}},"8":{"start":{"line":20,"column":6},"end":{"line":20,"column":31}},"9":{"start":{"line":21,"column":6},"end":{"line":21,"column":28}},"10":{"start":{"line":22,"column":6},"end":{"line":22,"column":49}},"11":{"start":{"line":23,"column":6},"end":{"line":23,"column":28}},"12":{"start":{"line":29,"column":9},"end":{"line":31,"column":null}},"13":{"start":{"line":30,"column":6},"end":{"line":30,"column":41}},"14":{"start":{"line":37,"column":9},"end":{"line":49,"column":null}},"15":{"start":{"line":37,"column":2},"end":{"line":37,"column":9}},"16":{"start":{"line":38,"column":6},"end":{"line":48,"column":13}},"17":{"start":{"line":40,"column":14},"end":{"line":47,"column":null}},"18":{"start":{"line":42,"column":18},"end":{"line":42,"column":35}},"19":{"start":{"line":44,"column":18},"end":{"line":44,"column":35}},"20":{"start":{"line":45,"column":18},"end":{"line":45,"column":40}},"21":{"start":{"line":46,"column":18},"end":{"line":46,"column":33}},"22":{"start":{"line":8,"column":13},"end":{"line":50,"column":null}},"23":{"start":{"line":50,"column":0},"end":{"line":50,"column":null}},"24":{"start":{"line":8,"column":13},"end":{"line":8,"column":24}}},"fnMap":{"0":{"name":"(anonymous_0)","decl":{"start":{"line":8,"column":0},"end":{"line":8,"column":13}},"loc":{"start":{"line":8,"column":0},"end":{"line":8,"column":13}}},"1":{"name":"UserService","decl":{"start":{"line":13,"column":2},"end":{"line":13,"column":22}},"loc":{"start":{"line":13,"column":38},"end":{"line":13,"column":43}}},"2":{"name":"(anonymous_2)","decl":{"start":{"line":19,"column":2},"end":{"line":19,"column":9}},"loc":{"start":{"line":19,"column":23},"end":{"line":24,"column":3}}},"3":{"name":"(anonymous_3)","decl":{"start":{"line":29,"column":2},"end":{"line":29,"column":9}},"loc":{"start":{"line":29,"column":2},"end":{"line":31,"column":3}}},"4":{"name":"(anonymous_4)","decl":{"start":{"line":37,"column":2},"end":{"line":37,"column":9}},"loc":{"start":{"line":37,"column":27},"end":{"line":49,"column":3}}},"5":{"name":"(anonymous_5)","decl":{"start":{"line":39,"column":16},"end":{"line":39,"column":17}},"loc":{"start":{"line":39,"column":20},"end":{"line":48,"column":11}}}},"branchMap":{"0":{"loc":{"start":{"line":40,"column":14},"end":{"line":47,"column":null}},"type":"if","locations":[{"start":{"line":40,"column":14},"end":{"line":47,"column":null}},{"start":{"line":40,"column":14},"end":{"line":47,"column":null}}]}},"s":{"0":6,"1":6,"2":6,"3":6,"4":5,"5":5,"6":5,"7":6,"8":0,"9":0,"10":0,"11":0,"12":6,"13":0,"14":6,"15":0,"16":0,"17":0,"18":0,"19":0,"20":0,"21":0,"22":6,"23":6,"24":6},"f":{"0":6,"1":5,"2":0,"3":0,"4":0,"5":0},"b":{"0":[0,0]}}
,"/home/dalidos/Bureau/alsace/client/src/environments/environment.ts": {"path":"/home/dalidos/Bureau/alsace/client/src/environments/environment.ts","statementMap":{"0":{"start":{"line":5,"column":13},"end":{"line":9,"column":2}}},"fnMap":{},"branchMap":{},"s":{"0":17},"f":{},"b":{}}
}
