TN:
SF:/home/dalidos/Bureau/alsace/client/src/app/app.component.html
FNF:0
FNH:0
DA:1,1
LF:1
LH:1
BRF:0
BRH:0
end_of_record
TN:
SF:/home/dalidos/Bureau/alsace/client/src/app/app.component.ts
FN:16,(anonymous_0)
FN:26,AppComponent
FN:39,(anonymous_2)
FN:46,(anonymous_3)
FN:51,(anonymous_4)
FN:52,(anonymous_5)
FN:60,(anonymous_6)
FN:68,(anonymous_7)
FN:69,(anonymous_8)
FN:77,(anonymous_9)
FN:78,(anonymous_10)
FN:90,(anonymous_11)
FN:97,(anonymous_12)
FN:98,(anonymous_13)
FN:102,(anonymous_14)
FN:109,(anonymous_15)
FN:113,(anonymous_16)
FNF:17
FNH:1
FNDA:1,(anonymous_0)
FNDA:0,AppComponent
FNDA:0,(anonymous_2)
FNDA:0,(anonymous_3)
FNDA:0,(anonymous_4)
FNDA:0,(anonymous_5)
FNDA:0,(anonymous_6)
FNDA:0,(anonymous_7)
FNDA:0,(anonymous_8)
FNDA:0,(anonymous_9)
FNDA:0,(anonymous_10)
FNDA:0,(anonymous_11)
FNDA:0,(anonymous_12)
FNDA:0,(anonymous_13)
FNDA:0,(anonymous_14)
FNDA:0,(anonymous_15)
FNDA:0,(anonymous_16)
DA:1,1
DA:3,1
DA:4,1
DA:5,1
DA:6,1
DA:7,1
DA:8,1
DA:9,1
DA:10,1
DA:16,1
DA:18,0
DA:22,0
DA:23,0
DA:24,0
DA:27,0
DA:28,0
DA:29,0
DA:30,0
DA:31,0
DA:32,0
DA:33,0
DA:35,0
DA:36,0
DA:39,1
DA:40,0
DA:41,0
DA:42,0
DA:43,0
DA:46,1
DA:47,0
DA:51,1
DA:52,0
DA:53,0
DA:60,1
DA:61,0
DA:62,0
DA:68,1
DA:69,0
DA:70,0
DA:77,1
DA:78,0
DA:79,0
DA:80,0
DA:81,0
DA:82,0
DA:90,1
DA:91,0
DA:97,1
DA:98,0
DA:99,0
DA:100,0
DA:102,0
DA:109,1
DA:110,0
DA:113,1
DA:114,0
DA:115,0
DA:118,1
LF:58
LH:21
BRDA:81,0,0,0
BRDA:81,0,1,0
BRDA:114,1,0,0
BRDA:114,1,1,0
BRF:4
BRH:0
end_of_record
TN:
SF:/home/dalidos/Bureau/alsace/client/src/app/components/map/map.component.html
FNF:0
FNH:0
DA:1,1
LF:1
LH:1
BRF:0
BRH:0
end_of_record
TN:
SF:/home/dalidos/Bureau/alsace/client/src/app/components/map/map.component.ts
FN:17,(anonymous_0)
FN:77,MapComponent
FN:81,(anonymous_2)
FN:87,(anonymous_3)
FN:99,(anonymous_4)
FN:100,(anonymous_5)
FN:110,(anonymous_6)
FN:111,(anonymous_7)
FN:122,(anonymous_8)
FN:132,(anonymous_9)
FN:133,(anonymous_10)
FN:135,(anonymous_11)
FN:147,(anonymous_12)
FN:149,(anonymous_13)
FN:165,(anonymous_14)
FN:180,(anonymous_15)
FN:192,(anonymous_16)
FN:194,(anonymous_17)
FN:197,(anonymous_18)
FN:212,(anonymous_19)
FN:216,(anonymous_20)
FN:230,(anonymous_21)
FN:237,(anonymous_22)
FN:250,(anonymous_23)
FN:252,(anonymous_24)
FN:253,(anonymous_25)
FN:268,(anonymous_26)
FN:272,(anonymous_27)
FN:283,(anonymous_28)
FN:285,(anonymous_29)
FN:294,(anonymous_30)
FNF:31
FNH:7
FNDA:1,(anonymous_0)
FNDA:1,MapComponent
FNDA:1,(anonymous_2)
FNDA:0,(anonymous_3)
FNDA:1,(anonymous_4)
FNDA:0,(anonymous_5)
FNDA:1,(anonymous_6)
FNDA:0,(anonymous_7)
FNDA:0,(anonymous_8)
FNDA:1,(anonymous_9)
FNDA:1,(anonymous_10)
FNDA:0,(anonymous_11)
FNDA:0,(anonymous_12)
FNDA:0,(anonymous_13)
FNDA:0,(anonymous_14)
FNDA:0,(anonymous_15)
FNDA:0,(anonymous_16)
FNDA:0,(anonymous_17)
FNDA:0,(anonymous_18)
FNDA:0,(anonymous_19)
FNDA:0,(anonymous_20)
FNDA:0,(anonymous_21)
FNDA:0,(anonymous_22)
FNDA:0,(anonymous_23)
FNDA:0,(anonymous_24)
FNDA:0,(anonymous_25)
FNDA:0,(anonymous_26)
FNDA:0,(anonymous_27)
FNDA:0,(anonymous_28)
FNDA:0,(anonymous_29)
FNDA:0,(anonymous_30)
DA:1,1
DA:2,1
DA:4,1
DA:5,1
DA:6,1
DA:7,1
DA:8,1
DA:9,1
DA:10,1
DA:17,1
DA:20,1
DA:22,1
DA:26,1
DA:27,1
DA:35,1
DA:41,1
DA:46,1
DA:51,1
DA:56,1
DA:61,1
DA:66,1
DA:71,1
DA:75,1
DA:77,1
DA:78,1
DA:79,1
DA:81,1
DA:82,1
DA:83,1
DA:84,1
DA:87,1
DA:88,0
DA:89,0
DA:91,0
DA:92,0
DA:99,1
DA:100,1
DA:101,0
DA:102,0
DA:110,1
DA:111,1
DA:112,0
DA:122,1
DA:123,0
DA:124,0
DA:125,0
DA:126,0
DA:132,1
DA:133,1
DA:134,1
DA:135,1
DA:136,0
DA:137,0
DA:138,0
DA:139,0
DA:147,1
DA:148,0
DA:149,0
DA:150,0
DA:151,0
DA:154,0
DA:155,0
DA:165,1
DA:166,0
DA:175,0
DA:176,0
DA:179,0
DA:181,0
DA:182,0
DA:183,0
DA:192,1
DA:193,0
DA:194,0
DA:195,0
DA:197,0
DA:212,1
DA:213,0
DA:214,0
DA:215,0
DA:217,0
DA:218,0
DA:221,0
DA:222,0
DA:226,0
DA:228,0
DA:231,0
DA:232,0
DA:233,0
DA:234,0
DA:238,0
DA:250,1
DA:251,0
DA:252,0
DA:253,0
DA:254,0
DA:255,0
DA:268,1
DA:269,0
DA:272,0
DA:273,0
DA:274,0
DA:276,0
DA:283,1
DA:284,0
DA:285,0
DA:286,0
DA:294,1
DA:295,0
DA:296,0
DA:298,0
DA:299,0
DA:301,0
DA:302,0
DA:305,1
LF:114
LH:49
BRDA:88,0,0,0
BRDA:88,0,1,0
BRDA:91,1,0,0
BRDA:91,1,1,0
BRDA:101,2,0,0
BRDA:101,2,1,0
BRDA:125,3,0,0
BRDA:125,3,1,0
BRDA:148,4,0,0
BRDA:148,4,1,0
BRDA:154,5,0,0
BRDA:154,5,1,0
BRDA:175,6,0,0
BRDA:175,6,1,0
BRDA:193,7,0,0
BRDA:193,7,1,0
BRDA:193,8,0,0
BRDA:193,8,1,0
BRDA:213,9,0,0
BRDA:213,9,1,0
BRDA:217,10,0,0
BRDA:217,10,1,0
BRDA:231,11,0,0
BRDA:231,11,1,0
BRDA:232,12,0,0
BRDA:232,12,1,0
BRDA:251,13,0,0
BRDA:251,13,1,0
BRDA:254,14,0,0
BRDA:254,14,1,0
BRDA:273,15,0,0
BRDA:273,15,1,0
BRDA:284,16,0,0
BRDA:284,16,1,0
BRDA:295,17,0,0
BRDA:295,17,1,0
BRDA:298,18,0,0
BRDA:298,18,1,0
BRDA:301,19,0,0
BRDA:301,19,1,0
BRF:40
BRH:0
end_of_record
TN:
SF:/home/dalidos/Bureau/alsace/client/src/app/components/page-content/page-footer/page-footer.component.html
FNF:0
FNH:0
DA:1,2
LF:1
LH:1
BRF:0
BRH:0
end_of_record
TN:
SF:/home/dalidos/Bureau/alsace/client/src/app/components/page-content/page-footer/page-footer.component.ts
FN:9,(anonymous_0)
FN:13,PageFooterComponent
FN:16,(anonymous_2)
FN:24,(anonymous_3)
FNF:4
FNH:3
FNDA:2,(anonymous_0)
FNDA:2,PageFooterComponent
FNDA:2,(anonymous_2)
FNDA:0,(anonymous_3)
DA:1,2
DA:2,2
DA:9,2
DA:13,2
DA:14,2
DA:16,2
DA:17,2
DA:18,0
DA:19,0
DA:24,2
DA:25,0
DA:28,2
LF:12
LH:9
BRDA:17,0,0,0
BRDA:17,0,1,2
BRDA:18,1,0,0
BRDA:18,1,1,0
BRF:4
BRH:1
end_of_record
TN:
SF:/home/dalidos/Bureau/alsace/client/src/app/components/page-content/page-header/page-header.component.html
FNF:0
FNH:0
DA:1,2
LF:1
LH:1
BRF:0
BRH:0
end_of_record
TN:
SF:/home/dalidos/Bureau/alsace/client/src/app/components/page-content/page-header/page-header.component.ts
FN:8,(anonymous_0)
FN:13,PageHeaderComponent
FN:15,(anonymous_2)
FNF:3
FNH:3
FNDA:2,(anonymous_0)
FNDA:2,PageHeaderComponent
FNDA:2,(anonymous_2)
DA:1,2
DA:8,2
DA:10,2
DA:11,2
DA:15,2
DA:17,2
LF:6
LH:6
BRF:0
BRH:0
end_of_record
TN:
SF:/home/dalidos/Bureau/alsace/client/src/app/components/upload/upload-browser/upload-browser.component.html
FNF:0
FNH:0
DA:1,1
LF:1
LH:1
BRF:0
BRH:0
end_of_record
TN:
SF:/home/dalidos/Bureau/alsace/client/src/app/components/upload/upload-browser/upload-browser.component.ts
FN:11,(anonymous_0)
FN:26,UploadBrowserComponent
FN:32,(anonymous_2)
FN:41,(anonymous_3)
FN:62,(anonymous_4)
FN:63,(anonymous_5)
FN:66,(anonymous_6)
FN:76,(anonymous_7)
FN:87,(anonymous_8)
FN:101,(anonymous_9)
FNF:10
FNH:4
FNDA:1,(anonymous_0)
FNDA:1,UploadBrowserComponent
FNDA:1,(anonymous_2)
FNDA:0,(anonymous_3)
FNDA:1,(anonymous_4)
FNDA:0,(anonymous_5)
FNDA:0,(anonymous_6)
FNDA:0,(anonymous_7)
FNDA:0,(anonymous_8)
FNDA:0,(anonymous_9)
DA:1,1
DA:2,1
DA:3,1
DA:4,1
DA:11,1
DA:13,1
DA:14,1
DA:18,1
DA:19,1
DA:21,1
DA:22,1
DA:23,1
DA:24,1
DA:26,1
DA:27,1
DA:30,1
DA:32,1
DA:33,1
DA:34,1
DA:35,1
DA:41,1
DA:42,0
DA:43,0
DA:46,0
DA:47,0
DA:48,0
DA:51,0
DA:52,0
DA:54,0
DA:55,0
DA:62,1
DA:63,1
DA:64,0
DA:65,0
DA:66,0
DA:67,0
DA:76,1
DA:78,0
DA:81,0
DA:84,0
DA:87,0
DA:88,0
DA:89,0
DA:91,0
DA:92,0
DA:93,0
DA:97,0
DA:101,1
DA:103,0
DA:108,1
LF:50
LH:26
BRDA:51,0,0,0
BRDA:51,0,1,0
BRDA:64,1,0,0
BRDA:64,1,1,0
BRDA:78,2,0,0
BRDA:78,2,1,0
BRDA:88,3,0,0
BRDA:88,3,1,0
BRDA:91,4,0,0
BRDA:91,4,1,0
BRDA:91,5,0,0
BRDA:91,5,1,0
BRF:12
BRH:0
end_of_record
TN:
SF:/home/dalidos/Bureau/alsace/client/src/app/components/upload/upload-modile/upload-modile.component.html
FNF:0
FNH:0
DA:1,1
LF:1
LH:1
BRF:0
BRH:0
end_of_record
TN:
SF:/home/dalidos/Bureau/alsace/client/src/app/components/upload/upload-modile/upload-modile.component.ts
FN:32,(anonymous_0)
FN:41,UploadModileComponent
FN:47,(anonymous_2)
FN:48,(anonymous_3)
FN:53,(anonymous_4)
FN:54,(anonymous_5)
FN:59,(anonymous_6)
FN:61,(anonymous_7)
FN:75,(anonymous_8)
FN:84,(anonymous_9)
FN:93,(anonymous_12)
FN:99,(anonymous_15)
FN:105,(anonymous_16)
FN:118,(anonymous_17)
FN:126,(anonymous_18)
FN:129,(anonymous_19)
FN:143,(anonymous_20)
FN:149,(anonymous_21)
FN:150,(anonymous_22)
FN:152,(anonymous_23)
FN:157,(anonymous_24)
FN:159,(anonymous_25)
FN:188,(anonymous_26)
FN:190,(anonymous_27)
FN:191,(anonymous_28)
FN:193,(anonymous_29)
FN:198,(anonymous_30)
FN:200,(anonymous_31)
FN:211,(anonymous_32)
FN:219,(anonymous_35)
FN:223,(anonymous_36)
FN:234,(anonymous_37)
FN:237,(anonymous_38)
FN:239,(anonymous_39)
FN:244,(anonymous_40)
FNF:35
FNH:6
FNDA:1,(anonymous_0)
FNDA:1,UploadModileComponent
FNDA:1,(anonymous_2)
FNDA:1,(anonymous_3)
FNDA:0,(anonymous_4)
FNDA:0,(anonymous_5)
FNDA:1,(anonymous_6)
FNDA:1,(anonymous_7)
FNDA:0,(anonymous_8)
FNDA:0,(anonymous_9)
FNDA:0,(anonymous_12)
FNDA:0,(anonymous_15)
FNDA:0,(anonymous_16)
FNDA:0,(anonymous_17)
FNDA:0,(anonymous_18)
FNDA:0,(anonymous_19)
FNDA:0,(anonymous_20)
FNDA:0,(anonymous_21)
FNDA:0,(anonymous_22)
FNDA:0,(anonymous_23)
FNDA:0,(anonymous_24)
FNDA:0,(anonymous_25)
FNDA:0,(anonymous_26)
FNDA:0,(anonymous_27)
FNDA:0,(anonymous_28)
FNDA:0,(anonymous_29)
FNDA:0,(anonymous_30)
FNDA:0,(anonymous_31)
FNDA:0,(anonymous_32)
FNDA:0,(anonymous_35)
FNDA:0,(anonymous_36)
FNDA:0,(anonymous_37)
FNDA:0,(anonymous_38)
FNDA:0,(anonymous_39)
FNDA:0,(anonymous_40)
DA:1,1
DA:2,1
DA:12,1
DA:13,1
DA:14,1
DA:15,1
DA:16,1
DA:17,1
DA:18,1
DA:19,1
DA:20,1
DA:22,1
DA:23,1
DA:25,1
DA:32,1
DA:34,1
DA:35,1
DA:36,1
DA:38,1
DA:39,1
DA:41,1
DA:42,1
DA:43,1
DA:44,1
DA:45,1
DA:47,1
DA:48,1
DA:49,1
DA:53,1
DA:54,0
DA:55,0
DA:59,1
DA:60,1
DA:61,1
DA:62,1
DA:63,1
DA:64,0
DA:65,0
DA:66,0
DA:67,0
DA:68,0
DA:75,1
DA:76,0
DA:77,0
DA:79,0
DA:80,0
DA:84,1
DA:85,0
DA:90,0
DA:93,1
DA:94,0
DA:95,0
DA:100,0
DA:106,0
DA:115,0
DA:118,1
DA:119,0
DA:126,0
DA:127,0
DA:128,0
DA:130,0
DA:131,0
DA:132,0
DA:135,0
DA:136,0
DA:137,0
DA:143,1
DA:144,0
DA:145,0
DA:146,0
DA:149,1
DA:150,0
DA:151,0
DA:153,0
DA:157,1
DA:158,0
DA:159,0
DA:160,0
DA:161,0
DA:162,0
DA:163,0
DA:166,0
DA:167,0
DA:171,0
DA:172,0
DA:174,0
DA:180,0
DA:181,0
DA:188,1
DA:189,0
DA:191,0
DA:194,0
DA:198,1
DA:199,0
DA:200,0
DA:201,0
DA:202,0
DA:205,0
DA:206,0
DA:208,0
DA:211,1
DA:212,0
DA:215,0
DA:217,0
DA:220,0
DA:224,0
DA:225,0
DA:227,0
DA:229,0
DA:234,1
DA:235,0
DA:237,0
DA:238,0
DA:239,0
DA:240,0
DA:242,0
DA:244,0
DA:250,1
LF:118
LH:46
BRDA:60,0,0,1
BRDA:60,0,1,0
BRDA:62,1,0,1
BRDA:62,1,1,0
BRDA:76,2,0,0
BRDA:76,2,1,0
BRDA:85,3,0,0
BRDA:127,4,0,0
BRDA:127,4,1,0
BRDA:127,5,0,0
BRDA:127,5,1,0
BRDA:158,6,0,0
BRDA:158,6,1,0
BRDA:161,7,0,0
BRDA:161,7,1,0
BRDA:212,8,0,0
BRDA:224,9,0,0
BRDA:224,9,1,0
BRF:18
BRH:2
end_of_record
TN:
SF:/home/dalidos/Bureau/alsace/client/src/app/components/view-media/view-media.component.html
FNF:0
FNH:0
DA:1,2
LF:1
LH:1
BRF:0
BRH:0
end_of_record
TN:
SF:/home/dalidos/Bureau/alsace/client/src/app/components/view-media/view-media.component.ts
FN:11,(anonymous_0)
FN:17,ViewMediaComponent
FN:20,(anonymous_2)
FN:25,(anonymous_3)
FN:30,(anonymous_4)
FN:34,(anonymous_5)
FNF:6
FNH:5
FNDA:2,(anonymous_0)
FNDA:1,ViewMediaComponent
FNDA:1,(anonymous_2)
FNDA:1,(anonymous_3)
FNDA:0,(anonymous_4)
FNDA:1,(anonymous_5)
DA:1,2
DA:2,2
DA:3,2
DA:4,2
DA:11,2
DA:13,2
DA:14,2
DA:17,1
DA:18,1
DA:20,2
DA:21,1
DA:22,1
DA:25,2
DA:26,1
DA:27,1
DA:30,2
DA:31,0
DA:34,2
DA:35,1
DA:38,2
LF:20
LH:19
BRF:0
BRH:0
end_of_record
TN:
SF:/home/dalidos/Bureau/alsace/client/src/app/pages/application/application.page.html
FNF:0
FNH:0
DA:1,1
LF:1
LH:1
BRF:0
BRH:0
end_of_record
TN:
SF:/home/dalidos/Bureau/alsace/client/src/app/pages/application/application.page.ts
FN:8,(anonymous_0)
FN:10,ApplicationPage
FN:12,(anonymous_2)
FN:18,(anonymous_3)
FNF:4
FNH:3
FNDA:1,(anonymous_0)
FNDA:1,ApplicationPage
FNDA:1,(anonymous_2)
FNDA:0,(anonymous_3)
DA:1,1
DA:8,1
DA:12,1
DA:18,1
DA:20,1
LF:5
LH:5
BRF:0
BRH:0
end_of_record
TN:
SF:/home/dalidos/Bureau/alsace/client/src/app/pages/association/association.page.html
FNF:0
FNH:0
DA:1,1
LF:1
LH:1
BRF:0
BRH:0
end_of_record
TN:
SF:/home/dalidos/Bureau/alsace/client/src/app/pages/association/association.page.ts
FN:8,(anonymous_0)
FN:10,AssociationPage
FN:12,(anonymous_2)
FN:18,(anonymous_3)
FNF:4
FNH:3
FNDA:1,(anonymous_0)
FNDA:1,AssociationPage
FNDA:1,(anonymous_2)
FNDA:0,(anonymous_3)
DA:1,1
DA:8,1
DA:12,1
DA:18,1
DA:21,1
LF:5
LH:5
BRF:0
BRH:0
end_of_record
TN:
SF:/home/dalidos/Bureau/alsace/client/src/app/pages/contact/contact.page.html
FNF:0
FNH:0
DA:1,1
LF:1
LH:1
BRF:0
BRH:0
end_of_record
TN:
SF:/home/dalidos/Bureau/alsace/client/src/app/pages/contact/contact.page.ts
FN:8,(anonymous_0)
FN:10,ContactPage
FN:12,(anonymous_2)
FN:18,(anonymous_3)
FNF:4
FNH:3
FNDA:1,(anonymous_0)
FNDA:1,ContactPage
FNDA:1,(anonymous_2)
FNDA:0,(anonymous_3)
DA:1,1
DA:8,1
DA:12,1
DA:18,1
DA:21,1
LF:5
LH:5
BRF:0
BRH:0
end_of_record
TN:
SF:/home/dalidos/Bureau/alsace/client/src/app/pages/home/home.page.html
FNF:0
FNH:0
DA:1,1
LF:1
LH:1
BRF:0
BRH:0
end_of_record
TN:
SF:/home/dalidos/Bureau/alsace/client/src/app/pages/home/home.page.ts
FN:12,(anonymous_0)
FN:18,HomePage
FN:23,(anonymous_2)
FN:31,(anonymous_3)
FN:32,(anonymous_4)
FN:40,(anonymous_5)
FN:44,(anonymous_6)
FN:49,(anonymous_7)
FNF:8
FNH:4
FNDA:1,(anonymous_0)
FNDA:1,HomePage
FNDA:1,(anonymous_2)
FNDA:1,(anonymous_3)
FNDA:0,(anonymous_4)
FNDA:0,(anonymous_5)
FNDA:0,(anonymous_6)
FNDA:0,(anonymous_7)
DA:1,1
DA:2,1
DA:3,1
DA:4,1
DA:12,1
DA:18,1
DA:19,1
DA:20,1
DA:23,1
DA:25,1
DA:31,1
DA:32,1
DA:33,0
DA:40,1
DA:41,0
DA:44,0
DA:45,0
DA:49,1
DA:50,0
DA:52,1
LF:20
LH:15
BRF:0
BRH:0
end_of_record
TN:
SF:/home/dalidos/Bureau/alsace/client/src/app/pages/house-card/house-card.page.html
FNF:0
FNH:0
DA:1,1
LF:1
LH:1
BRF:0
BRH:0
end_of_record
TN:
SF:/home/dalidos/Bureau/alsace/client/src/app/pages/house-card/house-card.page.ts
FN:13,(anonymous_0)
FN:25,HouseCardPage
FN:30,(anonymous_2)
FN:38,(anonymous_3)
FN:49,(anonymous_4)
FN:54,(anonymous_5)
FN:64,(anonymous_6)
FN:67,(anonymous_7)
FNF:8
FNH:3
FNDA:1,(anonymous_0)
FNDA:1,HouseCardPage
FNDA:1,(anonymous_2)
FNDA:0,(anonymous_3)
FNDA:0,(anonymous_4)
FNDA:0,(anonymous_5)
FNDA:0,(anonymous_6)
FNDA:0,(anonymous_7)
DA:1,1
DA:2,1
DA:3,1
DA:4,1
DA:5,1
DA:6,1
DA:13,1
DA:15,1
DA:18,1
DA:23,1
DA:25,1
DA:26,1
DA:27,1
DA:30,1
DA:38,1
DA:39,0
DA:40,0
DA:41,0
DA:42,0
DA:49,1
DA:50,0
DA:54,0
DA:55,0
DA:56,0
DA:64,1
DA:65,0
DA:66,0
DA:67,0
DA:68,0
DA:72,1
LF:30
LH:18
BRF:0
BRH:0
end_of_record
TN:
SF:/home/dalidos/Bureau/alsace/client/src/app/pages/house-card/detail-house/detail-house.component.html
FNF:0
FNH:0
DA:1,1
LF:1
LH:1
BRF:0
BRH:0
end_of_record
TN:
SF:/home/dalidos/Bureau/alsace/client/src/app/pages/house-card/detail-house/detail-house.component.ts
FN:16,(anonymous_0)
FN:40,DetailHouseComponent
FN:50,(anonymous_2)
FN:55,(anonymous_3)
FN:63,(anonymous_4)
FN:76,(anonymous_5)
FN:94,(anonymous_8)
FN:94,(anonymous_9)
FN:114,(anonymous_11)
FN:123,(anonymous_14)
FN:123,(anonymous_15)
FN:133,(anonymous_17)
FN:144,(anonymous_20)
FN:145,(anonymous_21)
FN:153,(anonymous_22)
FN:154,(anonymous_23)
FN:162,(anonymous_24)
FN:163,(anonymous_25)
FN:172,(anonymous_26)
FN:181,(anonymous_27)
FN:201,(anonymous_28)
FN:212,(anonymous_31)
FN:212,(anonymous_32)
FN:233,(anonymous_34)
FN:239,(anonymous_35)
FN:242,(anonymous_36)
FN:254,(anonymous_37)
FNF:27
FNH:5
FNDA:1,(anonymous_0)
FNDA:1,DetailHouseComponent
FNDA:1,(anonymous_2)
FNDA:0,(anonymous_3)
FNDA:1,(anonymous_4)
FNDA:0,(anonymous_5)
FNDA:0,(anonymous_8)
FNDA:0,(anonymous_9)
FNDA:0,(anonymous_11)
FNDA:0,(anonymous_14)
FNDA:0,(anonymous_15)
FNDA:0,(anonymous_17)
FNDA:0,(anonymous_20)
FNDA:0,(anonymous_21)
FNDA:0,(anonymous_22)
FNDA:0,(anonymous_23)
FNDA:1,(anonymous_24)
FNDA:0,(anonymous_25)
FNDA:0,(anonymous_26)
FNDA:0,(anonymous_27)
FNDA:0,(anonymous_28)
FNDA:0,(anonymous_31)
FNDA:0,(anonymous_32)
FNDA:0,(anonymous_34)
FNDA:0,(anonymous_35)
FNDA:0,(anonymous_36)
FNDA:0,(anonymous_37)
DA:1,1
DA:2,1
DA:3,1
DA:5,1
DA:7,1
DA:8,1
DA:9,1
DA:16,1
DA:18,1
DA:19,1
DA:23,1
DA:26,1
DA:27,1
DA:37,1
DA:40,1
DA:41,1
DA:42,1
DA:43,1
DA:44,1
DA:45,1
DA:46,1
DA:47,1
DA:50,1
DA:51,1
DA:52,1
DA:55,1
DA:56,0
DA:57,0
DA:63,1
DA:64,1
DA:76,1
DA:77,0
DA:94,0
DA:95,0
DA:96,0
DA:98,0
DA:105,0
DA:111,0
DA:114,1
DA:115,0
DA:118,0
DA:119,0
DA:123,0
DA:124,0
DA:125,0
DA:132,0
DA:133,0
DA:134,0
DA:135,0
DA:144,1
DA:145,0
DA:146,0
DA:153,1
DA:154,0
DA:155,0
DA:162,1
DA:163,1
DA:164,0
DA:172,1
DA:173,0
DA:174,0
DA:175,0
DA:181,1
DA:182,0
DA:183,0
DA:185,0
DA:186,0
DA:187,0
DA:189,0
DA:190,0
DA:191,0
DA:192,0
DA:201,1
DA:202,0
DA:205,0
DA:206,0
DA:212,0
DA:213,0
DA:214,0
DA:220,0
DA:221,0
DA:223,0
DA:233,1
DA:234,0
DA:235,0
DA:239,0
DA:240,0
DA:242,0
DA:243,0
DA:244,0
DA:245,0
DA:249,0
DA:254,1
DA:255,0
DA:258,1
LF:95
LH:40
BRDA:77,0,0,0
BRDA:98,1,0,0
BRDA:95,2,0,0
BRDA:95,2,1,0
BRDA:115,3,0,0
BRDA:124,4,0,0
BRDA:124,4,1,0
BRDA:185,5,0,0
BRDA:185,5,1,0
BRDA:202,6,0,0
BRDA:213,7,0,0
BRDA:213,7,1,0
BRDA:234,8,0,0
BRDA:234,8,1,0
BRDA:244,9,0,0
BRDA:244,9,1,0
BRF:16
BRH:0
end_of_record
TN:
SF:/home/dalidos/Bureau/alsace/client/src/app/pages/house-card/galery/galery.component.html
FNF:0
FNH:0
DA:1,1
LF:1
LH:1
BRF:0
BRH:0
end_of_record
TN:
SF:/home/dalidos/Bureau/alsace/client/src/app/pages/house-card/galery/galery.component.ts
FN:17,(anonymous_0)
FN:27,GaleryComponent
FN:34,(anonymous_2)
FN:43,(anonymous_3)
FN:49,(anonymous_4)
FN:53,(anonymous_5)
FN:57,(anonymous_6)
FN:61,(anonymous_7)
FN:75,(anonymous_10)
FN:80,(anonymous_11)
FN:88,(anonymous_12)
FN:89,(anonymous_13)
FN:97,(anonymous_14)
FN:98,(anonymous_15)
FN:103,(anonymous_16)
FN:122,(anonymous_19)
FN:122,(anonymous_20)
FN:142,(anonymous_22)
FN:158,(anonymous_25)
FN:158,(anonymous_26)
FN:160,(anonymous_28)
FNF:21
FNH:5
FNDA:1,(anonymous_0)
FNDA:1,GaleryComponent
FNDA:1,(anonymous_2)
FNDA:0,(anonymous_3)
FNDA:1,(anonymous_4)
FNDA:0,(anonymous_5)
FNDA:0,(anonymous_6)
FNDA:0,(anonymous_7)
FNDA:0,(anonymous_10)
FNDA:0,(anonymous_11)
FNDA:0,(anonymous_12)
FNDA:0,(anonymous_13)
FNDA:1,(anonymous_14)
FNDA:0,(anonymous_15)
FNDA:0,(anonymous_16)
FNDA:0,(anonymous_19)
FNDA:0,(anonymous_20)
FNDA:0,(anonymous_22)
FNDA:0,(anonymous_25)
FNDA:0,(anonymous_26)
FNDA:0,(anonymous_28)
DA:1,1
DA:2,1
DA:3,1
DA:5,1
DA:7,1
DA:17,1
DA:19,1
DA:20,1
DA:21,1
DA:22,1
DA:23,1
DA:24,1
DA:27,1
DA:28,1
DA:29,1
DA:30,1
DA:31,1
DA:32,1
DA:34,1
DA:35,1
DA:36,1
DA:43,1
DA:44,0
DA:45,0
DA:46,0
DA:49,1
DA:50,1
DA:53,1
DA:54,0
DA:57,1
DA:58,0
DA:61,1
DA:62,0
DA:69,0
DA:75,1
DA:76,0
DA:80,0
DA:81,0
DA:88,1
DA:89,0
DA:90,0
DA:97,1
DA:98,1
DA:99,0
DA:103,1
DA:104,0
DA:122,0
DA:123,0
DA:124,0
DA:126,0
DA:133,0
DA:139,0
DA:142,1
DA:143,0
DA:149,0
DA:152,0
DA:154,0
DA:158,0
DA:159,0
DA:160,0
DA:161,0
DA:162,0
DA:163,0
DA:166,0
DA:170,1
LF:65
LH:34
BRDA:62,0,0,0
BRDA:62,0,1,0
BRDA:104,1,0,0
BRDA:126,2,0,0
BRDA:123,3,0,0
BRDA:123,3,1,0
BRDA:143,4,0,0
BRDA:166,5,0,0
BRDA:159,6,0,0
BRDA:159,6,1,0
BRF:10
BRH:0
end_of_record
TN:
SF:/home/dalidos/Bureau/alsace/client/src/app/pages/house-card/maping-house/maping-house.component.html
FNF:0
FNH:0
DA:1,1
LF:1
LH:1
BRF:0
BRH:0
end_of_record
TN:
SF:/home/dalidos/Bureau/alsace/client/src/app/pages/house-card/maping-house/maping-house.component.ts
FN:14,(anonymous_0)
FN:28,MapingHouseComponent
FN:33,(anonymous_2)
FN:37,(anonymous_3)
FN:42,(anonymous_4)
FN:56,(anonymous_5)
FN:61,(anonymous_6)
FN:67,(anonymous_7)
FN:67,(anonymous_8)
FN:87,(anonymous_10)
FN:88,(anonymous_11)
FN:96,(anonymous_12)
FN:97,(anonymous_13)
FN:105,(anonymous_14)
FN:111,(anonymous_15)
FN:119,(anonymous_16)
FNF:16
FNH:4
FNDA:1,(anonymous_0)
FNDA:1,MapingHouseComponent
FNDA:1,(anonymous_2)
FNDA:0,(anonymous_3)
FNDA:0,(anonymous_4)
FNDA:0,(anonymous_5)
FNDA:0,(anonymous_6)
FNDA:0,(anonymous_7)
FNDA:0,(anonymous_8)
FNDA:0,(anonymous_10)
FNDA:0,(anonymous_11)
FNDA:1,(anonymous_12)
FNDA:0,(anonymous_13)
FNDA:0,(anonymous_14)
FNDA:0,(anonymous_15)
FNDA:0,(anonymous_16)
DA:1,1
DA:2,1
DA:5,1
DA:6,1
DA:7,1
DA:14,1
DA:16,1
DA:23,1
DA:25,1
DA:26,1
DA:28,1
DA:29,1
DA:30,1
DA:31,1
DA:33,1
DA:34,1
DA:37,1
DA:38,0
DA:39,0
DA:42,1
DA:43,0
DA:44,0
DA:46,0
DA:47,0
DA:48,0
DA:49,0
DA:50,0
DA:52,0
DA:53,0
DA:56,1
DA:57,0
DA:58,0
DA:61,1
DA:62,0
DA:67,0
DA:68,0
DA:69,0
DA:74,0
DA:75,0
DA:76,0
DA:77,0
DA:78,0
DA:79,0
DA:87,1
DA:88,0
DA:89,0
DA:96,1
DA:97,1
DA:98,0
DA:105,1
DA:106,0
DA:107,0
DA:111,0
DA:112,0
DA:113,0
DA:114,0
DA:119,1
DA:120,0
DA:122,1
LF:59
LH:26
BRDA:43,0,0,0
BRDA:43,0,1,0
BRDA:43,1,0,0
BRDA:43,1,1,0
BRDA:46,2,0,0
BRDA:46,2,1,0
BRDA:46,3,0,0
BRDA:46,3,1,0
BRDA:68,4,0,0
BRDA:68,4,1,0
BRDA:106,5,0,0
BRDA:106,5,1,0
BRF:12
BRH:0
end_of_record
TN:
SF:/home/dalidos/Bureau/alsace/client/src/app/pages/map/map.page.html
FNF:0
FNH:0
DA:1,1
LF:1
LH:1
BRF:0
BRH:0
end_of_record
TN:
SF:/home/dalidos/Bureau/alsace/client/src/app/pages/map/map.page.ts
FN:13,(anonymous_0)
FN:21,MapPage
FN:24,(anonymous_2)
FN:30,(anonymous_3)
FN:38,(anonymous_4)
FN:48,(anonymous_5)
FN:52,(anonymous_6)
FN:53,(anonymous_7)
FNF:8
FNH:3
FNDA:1,(anonymous_0)
FNDA:1,MapPage
FNDA:1,(anonymous_2)
FNDA:0,(anonymous_3)
FNDA:0,(anonymous_4)
FNDA:0,(anonymous_5)
FNDA:0,(anonymous_6)
FNDA:0,(anonymous_7)
DA:1,1
DA:2,1
DA:4,1
DA:13,1
DA:15,1
DA:19,1
DA:21,1
DA:22,1
DA:24,1
DA:30,1
DA:31,0
DA:32,0
DA:38,1
DA:39,0
DA:48,1
DA:49,0
DA:52,0
DA:53,0
DA:54,0
DA:60,1
LF:20
LH:13
BRF:0
BRH:0
end_of_record
TN:
SF:/home/dalidos/Bureau/alsace/client/src/app/pages/new-house/new-house.page.html
FNF:0
FNH:0
DA:1,1
LF:1
LH:1
BRF:0
BRH:0
end_of_record
TN:
SF:/home/dalidos/Bureau/alsace/client/src/app/pages/new-house/new-house.page.ts
FN:14,(anonymous_0)
FN:43,NewHousePage
FN:51,(anonymous_2)
FN:61,(anonymous_3)
FN:89,(anonymous_4)
FN:98,(anonymous_5)
FN:108,(anonymous_6)
FN:118,(anonymous_7)
FN:147,(anonymous_8)
FN:160,(anonymous_9)
FN:172,(anonymous_12)
FN:172,(anonymous_13)
FN:180,(anonymous_15)
FNF:13
FNH:4
FNDA:1,(anonymous_0)
FNDA:1,NewHousePage
FNDA:1,(anonymous_2)
FNDA:1,(anonymous_3)
FNDA:0,(anonymous_4)
FNDA:0,(anonymous_5)
FNDA:0,(anonymous_6)
FNDA:0,(anonymous_7)
FNDA:0,(anonymous_8)
FNDA:0,(anonymous_9)
FNDA:0,(anonymous_12)
FNDA:0,(anonymous_13)
FNDA:0,(anonymous_15)
DA:1,1
DA:2,1
DA:3,1
DA:4,1
DA:5,1
DA:6,1
DA:14,1
DA:16,1
DA:17,1
DA:18,1
DA:20,1
DA:38,1
DA:44,1
DA:45,1
DA:46,1
DA:47,1
DA:48,1
DA:49,1
DA:51,1
DA:52,1
DA:61,1
DA:62,1
DA:89,1
DA:90,0
DA:91,0
DA:98,1
DA:99,0
DA:100,0
DA:101,0
DA:102,0
DA:108,1
DA:109,0
DA:118,1
DA:119,0
DA:121,0
DA:123,0
DA:124,0
DA:126,0
DA:127,0
DA:128,0
DA:129,0
DA:131,0
DA:132,0
DA:134,0
DA:136,0
DA:137,0
DA:138,0
DA:147,1
DA:148,0
DA:149,0
DA:150,0
DA:151,0
DA:160,1
DA:161,0
DA:164,0
DA:166,0
DA:172,0
DA:173,0
DA:174,0
DA:179,0
DA:180,0
DA:181,0
DA:182,0
DA:185,0
DA:190,1
LF:65
LH:29
BRDA:119,0,0,0
BRDA:119,0,1,0
BRDA:129,1,0,0
BRDA:129,1,1,0
BRDA:161,2,0,0
BRDA:185,3,0,0
BRDA:173,4,0,0
BRDA:173,4,1,0
BRF:8
BRH:0
end_of_record
TN:
SF:/home/dalidos/Bureau/alsace/client/src/app/pages/search/search.page.html
FNF:0
FNH:0
DA:1,1
LF:1
LH:1
BRF:0
BRH:0
end_of_record
TN:
SF:/home/dalidos/Bureau/alsace/client/src/app/pages/search/search.page.ts
FN:12,(anonymous_0)
FN:22,SearchPage
FN:24,(anonymous_2)
FN:28,(anonymous_3)
FN:36,(anonymous_4)
FN:44,(anonymous_5)
FN:50,(anonymous_6)
FN:73,(anonymous_7)
FN:87,(anonymous_8)
FN:94,(anonymous_9)
FN:96,(anonymous_10)
FN:104,(anonymous_11)
FN:105,(anonymous_12)
FN:106,(anonymous_13)
FNF:14
FNH:4
FNDA:1,(anonymous_0)
FNDA:1,SearchPage
FNDA:1,(anonymous_2)
FNDA:1,(anonymous_3)
FNDA:0,(anonymous_4)
FNDA:0,(anonymous_5)
FNDA:0,(anonymous_6)
FNDA:0,(anonymous_7)
FNDA:0,(anonymous_8)
FNDA:0,(anonymous_9)
FNDA:0,(anonymous_10)
FNDA:0,(anonymous_11)
FNDA:0,(anonymous_12)
FNDA:0,(anonymous_13)
DA:1,1
DA:3,1
DA:4,1
DA:5,1
DA:12,1
DA:14,1
DA:16,1
DA:17,1
DA:18,1
DA:19,1
DA:20,1
DA:22,1
DA:24,1
DA:25,1
DA:28,1
DA:29,1
DA:36,1
DA:37,0
DA:44,1
DA:45,0
DA:46,0
DA:47,0
DA:48,0
DA:50,0
DA:51,0
DA:52,0
DA:54,0
DA:55,0
DA:56,0
DA:57,0
DA:59,0
DA:62,0
DA:73,1
DA:75,0
DA:76,0
DA:77,0
DA:80,0
DA:87,1
DA:88,0
DA:89,0
DA:90,0
DA:91,0
DA:94,0
DA:95,0
DA:96,0
DA:104,1
DA:105,0
DA:106,0
DA:107,0
DA:108,0
DA:111,0
DA:115,1
LF:52
LH:22
BRDA:47,0,0,0
BRDA:47,0,1,0
BRDA:51,1,0,0
BRDA:51,1,1,0
BRDA:51,2,0,0
BRDA:51,2,1,0
BRDA:54,3,0,0
BRDA:54,3,1,0
BRDA:56,4,0,0
BRDA:56,4,1,0
BRDA:76,5,0,0
BRDA:76,5,1,0
BRDA:107,6,0,0
BRDA:107,6,1,0
BRF:14
BRH:0
end_of_record
TN:
SF:/home/dalidos/Bureau/alsace/client/src/app/pages/upload/upload.page.html
FNF:0
FNH:0
DA:1,1
LF:1
LH:1
BRF:0
BRH:0
end_of_record
TN:
SF:/home/dalidos/Bureau/alsace/client/src/app/pages/upload/upload.page.ts
FN:16,(anonymous_0)
FN:30,UploadPage
FN:40,(anonymous_2)
FN:50,(anonymous_3)
FN:57,(anonymous_4)
FN:58,(anonymous_5)
FN:66,(anonymous_6)
FN:75,(anonymous_7)
FN:83,(anonymous_8)
FN:93,(anonymous_9)
FN:100,(anonymous_10)
FN:109,(anonymous_11)
FN:127,(anonymous_14)
FN:127,(anonymous_15)
FN:130,(anonymous_17)
FN:140,(anonymous_20)
FNF:16
FNH:5
FNDA:1,(anonymous_0)
FNDA:1,UploadPage
FNDA:1,(anonymous_2)
FNDA:0,(anonymous_3)
FNDA:1,(anonymous_4)
FNDA:0,(anonymous_5)
FNDA:0,(anonymous_6)
FNDA:0,(anonymous_7)
FNDA:1,(anonymous_8)
FNDA:0,(anonymous_9)
FNDA:0,(anonymous_10)
FNDA:0,(anonymous_11)
FNDA:0,(anonymous_14)
FNDA:0,(anonymous_15)
FNDA:0,(anonymous_17)
FNDA:0,(anonymous_20)
DA:1,1
DA:2,1
DA:3,1
DA:4,1
DA:6,1
DA:8,1
DA:9,1
DA:16,1
DA:18,1
DA:20,1
DA:21,1
DA:22,1
DA:23,1
DA:24,1
DA:25,1
DA:26,1
DA:27,1
DA:30,1
DA:31,1
DA:32,1
DA:33,1
DA:34,1
DA:35,1
DA:36,1
DA:37,1
DA:40,1
DA:41,1
DA:42,1
DA:43,1
DA:44,1
DA:50,1
DA:51,0
DA:57,1
DA:58,1
DA:59,0
DA:66,1
DA:67,0
DA:68,0
DA:75,1
DA:76,0
DA:77,0
DA:83,1
DA:84,1
DA:93,1
DA:94,0
DA:100,1
DA:101,0
DA:102,0
DA:103,0
DA:109,1
DA:110,0
DA:116,0
DA:119,0
DA:120,0
DA:127,0
DA:128,0
DA:129,0
DA:130,0
DA:131,0
DA:132,0
DA:135,0
DA:140,1
DA:141,0
DA:145,1
LF:64
LH:42
BRDA:110,0,0,0
BRDA:135,1,0,0
BRDA:128,2,0,0
BRDA:128,2,1,0
BRF:4
BRH:0
end_of_record
TN:
SF:/home/dalidos/Bureau/alsace/client/src/app/services/api/api.service.ts
FN:12,(anonymous_0)
FN:18,ApiService
FN:31,(anonymous_2)
FN:34,(anonymous_3)
FN:38,(anonymous_4)
FN:50,(anonymous_5)
FN:52,(anonymous_6)
FN:57,(anonymous_7)
FN:63,(anonymous_8)
FN:66,(anonymous_9)
FN:76,(anonymous_10)
FN:77,(anonymous_11)
FN:81,(anonymous_12)
FN:86,(anonymous_13)
FN:89,(anonymous_14)
FN:96,(anonymous_15)
FNF:16
FNH:3
FNDA:17,(anonymous_0)
FNDA:16,ApiService
FNDA:0,(anonymous_2)
FNDA:0,(anonymous_3)
FNDA:0,(anonymous_4)
FNDA:0,(anonymous_5)
FNDA:0,(anonymous_6)
FNDA:0,(anonymous_7)
FNDA:0,(anonymous_8)
FNDA:0,(anonymous_9)
FNDA:0,(anonymous_10)
FNDA:0,(anonymous_11)
FNDA:0,(anonymous_12)
FNDA:0,(anonymous_13)
FNDA:0,(anonymous_14)
FNDA:16,(anonymous_15)
DA:1,17
DA:2,17
DA:3,17
DA:4,17
DA:5,17
DA:7,17
DA:12,17
DA:15,16
DA:18,16
DA:19,16
DA:20,16
DA:21,16
DA:22,16
DA:31,17
DA:32,0
DA:34,0
DA:35,0
DA:38,0
DA:39,0
DA:50,17
DA:51,0
DA:53,0
DA:54,0
DA:55,0
DA:56,0
DA:57,0
DA:58,0
DA:60,0
DA:64,0
DA:65,0
DA:66,0
DA:76,17
DA:77,0
DA:78,0
DA:79,0
DA:80,0
DA:81,0
DA:82,0
DA:84,0
DA:87,0
DA:88,0
DA:89,0
DA:96,17
DA:97,16
DA:98,16
DA:99,16
DA:100,16
DA:101,16
DA:102,16
DA:103,0
DA:104,0
DA:106,16
DA:107,0
DA:109,16
DA:112,17
LF:55
LH:26
BRDA:32,0,0,0
BRDA:32,0,1,0
BRDA:54,1,0,0
BRDA:54,1,1,0
BRDA:78,2,0,0
BRDA:78,2,1,0
BRDA:102,3,0,0
BRDA:102,3,1,16
BRDA:106,4,0,0
BRDA:106,4,1,16
BRF:10
BRH:2
end_of_record
TN:
SF:/home/dalidos/Bureau/alsace/client/src/app/services/error-manager/error-manager.service.ts
FN:7,(anonymous_0)
FN:9,ErrorManagerService
FN:17,(anonymous_2)
FN:22,(anonymous_3)
FN:32,(anonymous_4)
FN:40,(anonymous_7)
FNF:6
FNH:2
FNDA:18,(anonymous_0)
FNDA:17,ErrorManagerService
FNDA:0,(anonymous_2)
FNDA:0,(anonymous_3)
FNDA:0,(anonymous_4)
FNDA:0,(anonymous_7)
DA:1,18
DA:2,18
DA:7,18
DA:9,17
DA:17,18
DA:18,0
DA:19,0
DA:21,0
DA:22,0
DA:23,0
DA:32,18
DA:33,0
DA:41,0
DA:47,0
DA:49,18
LF:15
LH:7
BRDA:18,0,0,0
BRDA:18,0,1,0
BRDA:33,1,0,0
BRF:3
BRH:0
end_of_record
TN:
SF:/home/dalidos/Bureau/alsace/client/src/app/services/language/language.service.ts
FN:10,(anonymous_0)
FN:16,LanguageService
FN:22,(anonymous_2)
FN:31,(anonymous_3)
FN:32,(anonymous_4)
FN:41,(anonymous_5)
FN:42,(anonymous_6)
FN:51,(anonymous_7)
FN:52,(anonymous_8)
FN:61,(anonymous_9)
FN:70,(anonymous_10)
FN:72,(anonymous_11)
FN:82,(anonymous_12)
FN:96,(anonymous_13)
FN:98,(anonymous_14)
FN:111,(anonymous_15)
FNF:16
FNH:6
FNDA:3,(anonymous_0)
FNDA:2,LanguageService
FNDA:2,(anonymous_2)
FNDA:0,(anonymous_3)
FNDA:0,(anonymous_4)
FNDA:0,(anonymous_5)
FNDA:0,(anonymous_6)
FNDA:0,(anonymous_7)
FNDA:0,(anonymous_8)
FNDA:0,(anonymous_9)
FNDA:0,(anonymous_10)
FNDA:0,(anonymous_11)
FNDA:2,(anonymous_12)
FNDA:2,(anonymous_13)
FNDA:2,(anonymous_14)
FNDA:0,(anonymous_15)
DA:1,3
DA:2,3
DA:3,3
DA:4,3
DA:5,3
DA:10,3
DA:12,2
DA:14,2
DA:16,2
DA:17,2
DA:18,2
DA:19,2
DA:20,2
DA:23,2
DA:31,3
DA:32,0
DA:33,0
DA:34,0
DA:41,3
DA:42,0
DA:43,0
DA:51,3
DA:52,0
DA:53,0
DA:61,3
DA:62,0
DA:63,0
DA:70,3
DA:71,0
DA:72,0
DA:73,0
DA:74,0
DA:75,0
DA:82,3
DA:83,2
DA:84,0
DA:85,0
DA:86,0
DA:88,0
DA:96,3
DA:97,2
DA:99,2
DA:100,0
DA:101,0
DA:103,2
DA:111,3
DA:112,0
DA:115,3
LF:48
LH:27
BRDA:83,0,0,0
BRDA:83,0,1,2
BRDA:85,1,0,0
BRDA:85,1,1,0
BRDA:99,2,0,0
BRDA:99,2,1,2
BRF:6
BRH:2
end_of_record
TN:
SF:/home/dalidos/Bureau/alsace/client/src/app/services/map/map.service.ts
FN:10,(anonymous_0)
FN:39,MapService
FN:44,(anonymous_2)
FN:53,(anonymous_3)
FN:62,(anonymous_4)
FN:67,(anonymous_5)
FN:81,(anonymous_6)
FN:89,(anonymous_7)
FN:92,(anonymous_8)
FN:107,(anonymous_9)
FN:108,(anonymous_10)
FN:116,(anonymous_11)
FNF:12
FNH:4
FNDA:4,(anonymous_0)
FNDA:4,MapService
FNDA:0,(anonymous_2)
FNDA:0,(anonymous_3)
FNDA:0,(anonymous_4)
FNDA:0,(anonymous_5)
FNDA:1,(anonymous_6)
FNDA:1,(anonymous_7)
FNDA:0,(anonymous_8)
FNDA:0,(anonymous_9)
FNDA:0,(anonymous_10)
FNDA:0,(anonymous_11)
DA:1,4
DA:2,4
DA:3,4
DA:5,4
DA:10,4
DA:13,4
DA:14,4
DA:18,4
DA:24,4
DA:30,4
DA:36,4
DA:37,4
DA:39,4
DA:44,4
DA:45,0
DA:53,4
DA:54,0
DA:62,4
DA:63,0
DA:67,0
DA:68,0
DA:73,0
DA:81,4
DA:82,1
DA:83,1
DA:89,4
DA:90,1
DA:92,1
DA:93,0
DA:94,0
DA:95,0
DA:99,0
DA:107,4
DA:108,0
DA:109,0
DA:116,4
DA:117,0
DA:118,0
DA:121,4
LF:39
LH:25
BRDA:93,0,0,0
BRDA:93,0,1,0
BRDA:117,1,0,0
BRDA:117,1,1,0
BRF:4
BRH:0
end_of_record
TN:
SF:/home/dalidos/Bureau/alsace/client/src/app/services/upload/upload.service.ts
FN:9,(anonymous_0)
FN:17,UploadService
FN:21,(anonymous_2)
FN:25,(anonymous_3)
FN:33,(anonymous_4)
FN:34,(anonymous_5)
FN:45,(anonymous_6)
FN:46,(anonymous_7)
FN:59,(anonymous_8)
FNF:9
FNH:5
FNDA:4,(anonymous_0)
FNDA:4,UploadService
FNDA:4,(anonymous_2)
FNDA:0,(anonymous_3)
FNDA:0,(anonymous_4)
FNDA:0,(anonymous_5)
FNDA:1,(anonymous_6)
FNDA:0,(anonymous_7)
FNDA:1,(anonymous_8)
DA:1,4
DA:2,4
DA:3,4
DA:4,4
DA:9,4
DA:11,4
DA:13,4
DA:14,4
DA:15,4
DA:17,4
DA:18,4
DA:21,4
DA:22,4
DA:25,4
DA:26,0
DA:33,4
DA:34,0
DA:35,0
DA:36,0
DA:37,0
DA:45,4
DA:46,1
DA:47,0
DA:49,0
DA:50,0
DA:51,0
DA:59,4
DA:60,1
DA:68,4
LF:29
LH:20
BRDA:47,0,0,0
BRDA:47,0,1,0
BRF:2
BRH:0
end_of_record
TN:
SF:/home/dalidos/Bureau/alsace/client/src/app/services/user/user.service.ts
FN:8,(anonymous_0)
FN:13,UserService
FN:19,(anonymous_2)
FN:29,(anonymous_3)
FN:37,(anonymous_4)
FN:39,(anonymous_5)
FNF:6
FNH:2
FNDA:6,(anonymous_0)
FNDA:5,UserService
FNDA:0,(anonymous_2)
FNDA:0,(anonymous_3)
FNDA:0,(anonymous_4)
FNDA:0,(anonymous_5)
DA:1,6
DA:2,6
DA:3,6
DA:8,6
DA:10,5
DA:11,5
DA:13,5
DA:19,6
DA:20,0
DA:21,0
DA:22,0
DA:23,0
DA:29,6
DA:30,0
DA:37,6
DA:38,0
DA:40,0
DA:42,0
DA:44,0
DA:45,0
DA:46,0
DA:50,6
LF:22
LH:11
BRDA:40,0,0,0
BRDA:40,0,1,0
BRF:2
BRH:0
end_of_record
TN:
SF:/home/dalidos/Bureau/alsace/client/src/environments/environment.ts
FNF:0
FNH:0
DA:5,17
LF:1
LH:1
BRF:0
BRH:0
end_of_record
