TN:
SF:/home/dalidos/Bureau/alsace/server/routes/middlewares/test.ts
FN:6,(anonymous_0)
FNF:1
FNH:1
FNDA:2,(anonymous_0)
DA:7,2
DA:8,2
DA:16,2
LF:3
LH:3
BRF:0
BRH:0
end_of_record
TN:
SF:/home/dalidos/Bureau/alsace/server/services/database.ts
FN:11,(anonymous_1)
FNF:1
FNH:1
FNDA:2,(anonymous_1)
DA:1,2
DA:2,2
DA:12,2
DA:14,2
DA:26,2
LF:5
LH:5
BRF:0
BRH:0
end_of_record
TN:
SF:/home/dalidos/Bureau/alsace/server/services/error-manager.ts
FN:8,(anonymous_1)
FN:19,(anonymous_2)
FN:29,(anonymous_3)
FN:38,(anonymous_4)
FNF:4
FNH:3
FNDA:2,(anonymous_1)
FNDA:6,(anonymous_2)
FNDA:0,(anonymous_3)
FNDA:6,(anonymous_4)
DA:1,2
DA:9,2
DA:10,2
DA:11,2
DA:20,6
DA:21,6
DA:30,0
DA:39,6
DA:40,6
DA:44,2
LF:10
LH:9
BRF:0
BRH:0
end_of_record
TN:
SF:/home/dalidos/Bureau/alsace/server/services/secure/token.class.ts
FN:5,(anonymous_1)
FN:23,(anonymous_2)
FN:37,(anonymous_3)
FN:53,(anonymous_4)
FN:61,(anonymous_5)
FN:63,(anonymous_6)
FN:72,(anonymous_7)
FNF:7
FNH:5
FNDA:2,(anonymous_1)
FNDA:4,(anonymous_2)
FNDA:20,(anonymous_3)
FNDA:0,(anonymous_4)
FNDA:16,(anonymous_5)
FNDA:0,(anonymous_6)
FNDA:16,(anonymous_7)
DA:1,2
DA:2,2
DA:3,2
DA:10,2
DA:15,2
DA:25,4
DA:26,4
DA:27,2
DA:28,2
DA:30,4
DA:38,20
DA:39,16
DA:40,16
DA:41,16
DA:43,4
DA:44,4
DA:45,4
DA:54,0
DA:62,16
DA:63,16
DA:64,0
DA:73,16
DA:74,16
DA:76,16
DA:77,80
DA:79,16
DA:83,2
LF:27
LH:25
BRDA:26,0,0,2
BRDA:26,0,1,2
BRDA:38,1,0,16
BRDA:38,1,1,4
BRF:4
BRH:4
end_of_record
